17:01:48 16-01-2022 INFO  ProductController - GET: /v1/products has been called
 17:01:49 16-01-2022 INFO  ProductController - GET: /v1/products has been called
 17:01:49 16-01-2022 INFO  ProductController - GET: /v1/products has been called
 17:02:06 16-01-2022 INFO  ProductController - GET: /v1/products has been called
 17:02:08 16-01-2022 INFO  ProductController - GET: /v1/products has been called
 17:02:09 16-01-2022 INFO  ProductController - GET: /v1/products has been called
 17:02:09 16-01-2022 INFO  ProductController - GET: /v1/products has been called
 17:02:09 16-01-2022 INFO  ProductController - GET: /v1/products has been called
 17:03:36 16-01-2022 INFO  ProductController - GET: /v1/products has been called
 17:03:44 16-01-2022 INFO  ProductController - GET: /v1/products has been called
 17:03:45 16-01-2022 INFO  ProductController - GET: /v1/products has been called
 17:03:45 16-01-2022 INFO  ProductController - GET: /v1/products has been called
 21:26:58 16-01-2022 INFO  ProductController - POST: /v1/products has been called
 21:27:00 16-01-2022 INFO  ProductController - POST: /v1/products has been called
 21:48:08 16-01-2022 INFO  ProductController - GET: /v1/test has been called
 21:48:10 16-01-2022 INFO  ProductController - GET: /v1/test has been called
 21:48:11 16-01-2022 INFO  ProductController - GET: /v1/test has been called
 22:41:04 16-01-2022 INFO  ProductController - GET: /v1/products has been called
 22:41:07 16-01-2022 INFO  ProductController - GET: /v1/products has been called
 22:41:12 16-01-2022 INFO  ProductController - POST: /v1/products has been called
 22:41:12 16-01-2022 INFO  ProductController - POST: /v1/products has been called
 22:41:13 16-01-2022 INFO  ProductController - POST: /v1/products has been called
 22:41:14 16-01-2022 INFO  ProductController - POST: /v1/products has been called
 22:41:15 16-01-2022 INFO  ProductController - POST: /v1/products has been called
 22:41:17 16-01-2022 INFO  ProductController - GET: /v1/products has been called
 22:41:36 16-01-2022 INFO  ProductController - PUT: /v1/products/1 has been called
 22:42:43 16-01-2022 INFO  ProductController - GET: /v1/products has been called
 22:43:07 16-01-2022 INFO  ProductController - POST: /v1/products has been called
 22:43:20 16-01-2022 INFO  ProductController - GET: /v1/products has been called
 22:43:23 16-01-2022 INFO  ProductController - GET: /v1/products/1 has been called
 22:43:29 16-01-2022 INFO  ProductController - GET: /v1/products has been called
 22:50:09 16-01-2022 INFO  ProductController - GET: /v1/products has been called
 22:51:07 16-01-2022 INFO  ProductController - GET: /v1/products has been called
 22:52:52 16-01-2022 INFO  ProductController - GET: /v1/products has been called
 22:54:03 16-01-2022 INFO  ProductController - GET: /v1/products has been called
 22:55:22 16-01-2022 INFO  ProductController - GET: /v1/products has been called
 22:57:10 16-01-2022 INFO  ProductController - GET: /v1/products has been called
 22:57:47 16-01-2022 INFO  ProductController - GET: /v1/products has been called
 22:57:50 16-01-2022 INFO  ProductController - POST: /v1/products has been called
 22:57:53 16-01-2022 INFO  ProductController - POST: /v1/products has been called
 22:57:59 16-01-2022 INFO  ProductController - GET: /v1/products has been called
 22:58:29 16-01-2022 INFO  ProductController - GET: /v1/products/1 has been called
 22:58:35 16-01-2022 INFO  ProductController - PUT: /v1/products/1 has been called
 23:02:02 16-01-2022 INFO  ProductController - POST: /v1/products has been called
 23:02:04 16-01-2022 INFO  ProductController - POST: /v1/products has been called
 23:02:32 16-01-2022 INFO  ProductController - GET: /v1/products has been called
 23:02:35 16-01-2022 INFO  ProductController - PUT: /v1/products/1 has been called
 23:03:59 16-01-2022 INFO  ProductController - POST: /v1/products has been called
 23:04:06 16-01-2022 INFO  ProductController - PUT: /v1/products/1 has been called
 23:05:33 16-01-2022 INFO  ProductController - GET: /v1/products has been called
 23:05:36 16-01-2022 INFO  ProductController - POST: /v1/products has been called
 23:05:40 16-01-2022 INFO  ProductController - PUT: /v1/products/1 has been called
 23:06:03 16-01-2022 INFO  ProductController - POST: /v1/products has been called
 23:06:04 16-01-2022 INFO  ProductController - POST: /v1/products has been called
 23:06:16 16-01-2022 INFO  ProductController - GET: /v1/products has been called
 23:07:06 16-01-2022 INFO  ProductController - POST: /v1/products has been called
 23:07:09 16-01-2022 INFO  ProductController - PUT: /v1/products/1 has been called
 23:07:12 16-01-2022 INFO  ProductController - GET: /v1/products has been called
 23:07:36 16-01-2022 INFO  ProductController - GET: /v1/products/1 has been called
 23:07:41 16-01-2022 INFO  ProductController - GET: /v1/products/2 has been called
 23:07:45 16-01-2022 INFO  ProductController - GET: /v1/products/1 has been called
 23:07:51 16-01-2022 INFO  ProductController - GET: /v1/products/2 has been called
 23:08:06 16-01-2022 INFO  ProductController - GET: /v1/products has been called
 23:09:14 16-01-2022 INFO  ProductController - GET: /v1/products has been called
 23:09:18 16-01-2022 INFO  ProductController - POST: /v1/products has been called
 23:09:20 16-01-2022 INFO  ProductController - GET: /v1/products has been called
 23:11:20 16-01-2022 INFO  ProductController - GET: /v1/products has been called
 23:11:23 16-01-2022 INFO  ProductController - POST: /v1/products has been called
 23:11:24 16-01-2022 INFO  ProductController - POST: /v1/products has been called
 23:11:25 16-01-2022 INFO  ProductController - POST: /v1/products has been called
 23:18:55 16-01-2022 INFO  ProductController - GET: /v1/products/1 has been called
 23:18:55 16-01-2022 INFO  ProductController - POST: /v1/products has been called
 23:18:55 16-01-2022 INFO  ProductController - DELETE: /v1/products/1 has been called
 23:18:55 16-01-2022 INFO  ProductController - PUT: /v1/products/1 has been called
 23:20:19 16-01-2022 INFO  ProductController - GET: /v1/products/1 has been called
 23:20:19 16-01-2022 INFO  ProductController - POST: /v1/products has been called
 23:20:19 16-01-2022 INFO  ProductController - DELETE: /v1/products/1 has been called
 23:20:19 16-01-2022 INFO  ProductController - PUT: /v1/products/1 has been called
 23:23:22 16-01-2022 INFO  ProductController - GET: /v1/products/1 has been called
 23:23:22 16-01-2022 INFO  ProductController - POST: /v1/products has been called
 23:23:22 16-01-2022 INFO  ProductController - DELETE: /v1/products/1 has been called
 23:23:22 16-01-2022 INFO  ProductController - PUT: /v1/products/1 has been called
 23:38:06 16-01-2022 INFO  ProductController - GET: /v1/products/1 has been called
 23:38:06 16-01-2022 INFO  ProductController - POST: /v1/products has been called
 23:38:06 16-01-2022 INFO  ProductController - DELETE: /v1/products/1 has been called
 23:38:06 16-01-2022 INFO  ProductController - PUT: /v1/products/1 has been called
 23:39:41 16-01-2022 INFO  ProductController - GET: /v1/products/1 has been called
 23:39:41 16-01-2022 INFO  ProductController - POST: /v1/products has been called
 23:39:41 16-01-2022 INFO  ProductController - DELETE: /v1/products/1 has been called
 23:39:41 16-01-2022 INFO  ProductController - PUT: /v1/products/1 has been called
 23:45:15 16-01-2022 INFO  ProductController - GET: /v1/products/1 has been called
23:45:15 16-01-2022 INFO  ProductController - POST: /v1/products has been called
23:45:15 16-01-2022 INFO  ProductController - DELETE: /v1/products/1 has been called
23:45:16 16-01-2022 INFO  ProductController - PUT: /v1/products/1 has been called
23:47:24 16-01-2022 INFO  ProductController - GET: /v1/products/1 has been called
23:47:24 16-01-2022 INFO  ProductController - POST: /v1/products has been called
23:47:24 16-01-2022 INFO  ProductController - DELETE: /v1/products/1 has been called
23:47:24 16-01-2022 INFO  ProductController - PUT: /v1/products/1 has been called
17:42:42 18-01-2022 INFO  ProductController - GET: /v1/products/1 has been called
17:42:43 18-01-2022 INFO  ProductController - POST: /v1/products has been called
17:42:43 18-01-2022 INFO  ProductController - DELETE: /v1/products/1 has been called
17:42:43 18-01-2022 INFO  ProductController - PUT: /v1/products/1 has been called
17:55:16 18-01-2022 INFO  ProductController - GET: /v1/products/1 has been called
17:55:16 18-01-2022 INFO  ProductController - POST: /v1/products has been called
17:55:16 18-01-2022 INFO  ProductController - DELETE: /v1/products/1 has been called
17:55:16 18-01-2022 INFO  ProductController - PUT: /v1/products/1 has been called
17:57:22 18-01-2022 INFO  ProductController - GET: /v1/products/1 has been called
17:57:22 18-01-2022 INFO  ProductController - POST: /v1/products has been called
17:57:22 18-01-2022 INFO  ProductController - DELETE: /v1/products/1 has been called
17:57:22 18-01-2022 INFO  ProductController - PUT: /v1/products/1 has been called
17:58:59 18-01-2022 INFO  ProductController - GET: /v1/products has been called
17:59:03 18-01-2022 INFO  ProductController - POST: /v1/products has been called
17:59:05 18-01-2022 INFO  ProductController - POST: /v1/products has been called
17:59:08 18-01-2022 INFO  ProductController - GET: /v1/products has been called
18:00:23 18-01-2022 INFO  ProductController - PUT: /v1/products/1 has been called
18:09:44 18-01-2022 INFO  ProductController - PUT: /v1/products/1 has been called
18:10:42 18-01-2022 INFO  ProductController - PUT: /v1/products/1 has been called
18:10:43 18-01-2022 INFO  ProductController - PUT: /v1/products/1 has been called
18:10:46 18-01-2022 INFO  ProductController - PUT: /v1/products/1 has been called
18:10:46 18-01-2022 INFO  ProductController - PUT: /v1/products/1 has been called
18:10:47 18-01-2022 INFO  ProductController - PUT: /v1/products/1 has been called
18:10:47 18-01-2022 INFO  ProductController - PUT: /v1/products/1 has been called
18:10:50 18-01-2022 INFO  ProductController - POST: /v1/products has been called
18:10:53 18-01-2022 INFO  ProductController - PUT: /v1/products/1 has been called
18:11:20 18-01-2022 INFO  ProductController - DELETE: /v1/products/1 has been called
18:11:22 18-01-2022 INFO  ProductController - DELETE: /v1/products/1 has been called
18:11:25 18-01-2022 INFO  ProductController - DELETE: /v1/products/1 has been called
18:11:26 18-01-2022 INFO  ProductController - DELETE: /v1/products/1 has been called
18:11:29 18-01-2022 INFO  ProductController - PUT: /v1/products/1 has been called
18:11:30 18-01-2022 INFO  ProductController - PUT: /v1/products/1 has been called
18:11:31 18-01-2022 INFO  ProductController - PUT: /v1/products/1 has been called
18:11:31 18-01-2022 INFO  ProductController - PUT: /v1/products/1 has been called
18:11:32 18-01-2022 INFO  ProductController - PUT: /v1/products/1 has been called
18:11:32 18-01-2022 INFO  ProductController - PUT: /v1/products/1 has been called
18:20:15 18-01-2022 INFO  ProductController - DELETE: /v1/products/1 has been called
18:20:18 18-01-2022 INFO  ProductController - POST: /v1/products has been called
18:21:15 18-01-2022 INFO  ProductController - DELETE: /v1/products/1 has been called
18:21:20 18-01-2022 INFO  ProductController - POST: /v1/products has been called
18:21:23 18-01-2022 INFO  ProductController - DELETE: /v1/products/1 has been called
18:21:34 18-01-2022 INFO  ProductController - PUT: /v1/products/1 has been called
18:21:39 18-01-2022 INFO  ProductController - GET: /v1/products has been called
18:21:43 18-01-2022 INFO  ProductController - GET: /v1/products/2 has been called
18:21:51 18-01-2022 INFO  ProductController - GET: /v1/products/1 has been called
11:23:57 19-01-2022 INFO  ProductController - DELETE: /v1/products/1 has been called
11:24:36 19-01-2022 INFO  ProductController - DELETE: /v1/products/1 has been called
11:24:37 19-01-2022 INFO  ProductController - DELETE: /v1/products/1 has been called
11:24:37 19-01-2022 INFO  ProductController - DELETE: /v1/products/1 has been called
11:24:38 19-01-2022 INFO  ProductController - DELETE: /v1/products/1 has been called
11:24:38 19-01-2022 INFO  ProductController - DELETE: /v1/products/1 has been called
11:24:39 19-01-2022 INFO  ProductController - DELETE: /v1/products/1 has been called
11:25:48 19-01-2022 INFO  ProductController - DELETE: /v1/products/1 has been called
11:26:55 19-01-2022 INFO  ProductController - DELETE: /v1/products/1 has been called
11:26:56 19-01-2022 INFO  ProductController - DELETE: /v1/products/1 has been called
11:26:56 19-01-2022 INFO  ProductController - DELETE: /v1/products/1 has been called
11:26:57 19-01-2022 INFO  ProductController - DELETE: /v1/products/1 has been called
05:26:42 20-01-2022 INFO  ProductController - GET: /v1/products/1 has been called
05:26:42 20-01-2022 INFO  ProductController - POST: /v1/products has been called
05:26:42 20-01-2022 INFO  ProductController - DELETE: /v1/products/1 has been called
05:26:42 20-01-2022 INFO  ProductController - PUT: /v1/products/1 has been called
11:20:20 20-01-2022 INFO  ProductController - Test-Method has been called
11:26:59 20-01-2022 INFO  ProductController - Test-Method has been called
11:29:42 20-01-2022 INFO  ProductController - Test-Method has been called
11:29:42 20-01-2022 INFO  ProductController - false
14:38:55 20-01-2022 INFO  ProductController - GET: /v1/products/1 has been called
14:38:56 20-01-2022 INFO  ProductController - POST: /v1/products has been called
14:38:56 20-01-2022 INFO  ProductController - DELETE: /v1/products/1 has been called
14:38:56 20-01-2022 INFO  ProductController - PUT: /v1/products/1 has been called
14:40:45 20-01-2022 INFO  ProductController - GET: /v1/products/1 has been called
14:40:46 20-01-2022 INFO  ProductController - POST: /v1/products has been called
14:40:46 20-01-2022 INFO  ProductController - DELETE: /v1/products/1 has been called
14:40:46 20-01-2022 INFO  ProductController - PUT: /v1/products/1 has been called
14:42:16 20-01-2022 INFO  ProductController - GET: /v1/products/1 has been called
14:42:16 20-01-2022 INFO  ProductController - POST: /v1/products has been called
14:42:16 20-01-2022 INFO  ProductController - DELETE: /v1/products/1 has been called
14:42:16 20-01-2022 INFO  ProductController - PUT: /v1/products/1 has been called
18:29:28 20-01-2022 INFO  ProductController - GET: /v1/products/1 has been called
18:29:28 20-01-2022 INFO  ProductController - POST: /v1/products has been called
18:29:28 20-01-2022 INFO  ProductController - DELETE: /v1/products/1 has been called
18:29:28 20-01-2022 INFO  ProductController - PUT: /v1/products/1 has been called
18:30:19 20-01-2022 INFO  ProductController - GET: /v1/products/1 has been called
18:30:19 20-01-2022 INFO  ProductController - POST: /v1/products has been called
18:30:19 20-01-2022 INFO  ProductController - DELETE: /v1/products/1 has been called
18:30:19 20-01-2022 INFO  ProductController - PUT: /v1/products/1 has been called
18:32:19 20-01-2022 INFO  ProductController - GET: /v1/products/1 has been called
18:32:19 20-01-2022 INFO  ProductController - POST: /v1/products has been called
18:32:19 20-01-2022 INFO  ProductController - DELETE: /v1/products/1 has been called
18:32:19 20-01-2022 INFO  ProductController - PUT: /v1/products/1 has been called
18:33:35 20-01-2022 INFO  ProductController - GET: /v1/products/1 has been called
18:33:35 20-01-2022 INFO  ProductController - POST: /v1/products has been called
18:33:35 20-01-2022 INFO  ProductController - DELETE: /v1/products/1 has been called
18:33:35 20-01-2022 INFO  ProductController - PUT: /v1/products/1 has been called
18:37:19 20-01-2022 INFO  ProductController - GET: /v1/products/1 has been called
18:37:19 20-01-2022 INFO  ProductController - POST: /v1/products has been called
18:37:19 20-01-2022 INFO  ProductController - DELETE: /v1/products/1 has been called
18:37:19 20-01-2022 INFO  ProductController - PUT: /v1/products/1 has been called
18:44:33 20-01-2022 INFO  ProductController - GET: /v1/products/1 has been called
18:44:33 20-01-2022 INFO  ProductController - POST: /v1/products has been called
18:44:33 20-01-2022 INFO  ProductController - DELETE: /v1/products/1 has been called
18:44:33 20-01-2022 INFO  ProductController - PUT: /v1/products/1 has been called
18:58:58 20-01-2022 INFO  ProductController - GET: /v1/products/1 has been called
18:58:59 20-01-2022 INFO  ProductController - POST: /v1/products has been called
18:58:59 20-01-2022 INFO  ProductController - DELETE: /v1/products/1 has been called
18:58:59 20-01-2022 INFO  ProductController - PUT: /v1/products/1 has been called
19:50:19 20-01-2022 INFO  ProductController - GET: /v1/products/1 has been called
19:50:19 20-01-2022 INFO  ProductController - POST: /v1/products has been called
19:50:19 20-01-2022 INFO  ProductController - DELETE: /v1/products/1 has been called
19:50:19 20-01-2022 INFO  ProductController - PUT: /v1/products/1 has been called
19:52:30 20-01-2022 INFO  ProductController - GET: /v1/products/1 has been called
19:52:31 20-01-2022 INFO  ProductController - POST: /v1/products has been called
19:52:31 20-01-2022 INFO  ProductController - DELETE: /v1/products/1 has been called
19:52:31 20-01-2022 INFO  ProductController - PUT: /v1/products/1 has been called
20:52:18 20-01-2022 INFO  ProductController - GET: /v1/products/1 has been called
20:52:19 20-01-2022 INFO  ProductController - POST: /v1/products has been called
20:52:19 20-01-2022 INFO  ProductController - DELETE: /v1/products/1 has been called
20:52:19 20-01-2022 INFO  ProductController - PUT: /v1/products/1 has been called
21:04:06 20-01-2022 INFO  ProductController - GET: /v1/products/1 has been called
21:04:06 20-01-2022 INFO  ProductController - POST: /v1/products has been called
21:04:06 20-01-2022 INFO  ProductController - DELETE: /v1/products/1 has been called
21:04:06 20-01-2022 INFO  ProductController - PUT: /v1/products/1 has been called
21:07:02 20-01-2022 INFO  ProductController - GET: /v1/products/1 has been called
21:07:02 20-01-2022 INFO  ProductController - POST: /v1/products has been called
21:07:02 20-01-2022 INFO  ProductController - DELETE: /v1/products/1 has been called
21:07:02 20-01-2022 INFO  ProductController - PUT: /v1/products/1 has been called
21:18:54 20-01-2022 INFO  ProductController - PUT: /v1/products/-6246287040017347847/productpicture has been called
21:21:24 20-01-2022 INFO  ProductController - PUT: /v1/products/-4810158559309306828/productpicture has been called
21:22:32 20-01-2022 INFO  ProductController - PUT: /v1/products/8285461079768885237/productpicture has been called
21:22:52 20-01-2022 INFO  ProductController - PUT: /v1/products/-3652205507956888246/productpicture has been called
21:23:45 20-01-2022 INFO  ProductController - PUT: /v1/products/-7419474291094305148/productpicture has been called
21:24:09 20-01-2022 INFO  ProductController - PUT: /v1/products/-5634242585028093403/productpicture has been called
21:25:25 20-01-2022 INFO  ProductController - PUT: /v1/products/-4130660837255986067/productpicture has been called
21:27:18 20-01-2022 INFO  ProductController - PUT: /v1/products/2809598539717020431/productpicture has been called
21:28:12 20-01-2022 INFO  ProductController - PUT: /v1/products/2687949214251696275/productpicture has been called
21:29:29 20-01-2022 INFO  ProductController - PUT: /v1/products/8734994739219735175/productpicture has been called
21:30:13 20-01-2022 INFO  ProductController - GET: /v1/products/1 has been called
21:30:18 20-01-2022 INFO  ProductController - POST: /v1/products has been called
21:30:19 20-01-2022 INFO  ProductController - DELETE: /v1/products/1 has been called
21:30:20 20-01-2022 INFO  ProductController - PUT: /v1/products/1 has been called
21:32:28 20-01-2022 INFO  ProductController - PUT: /v1/products/3480804504491202904/productpicture has been called
21:33:38 20-01-2022 INFO  ProductController - GET: /v1/products/1 has been called
21:33:38 20-01-2022 INFO  ProductController - POST: /v1/products has been called
21:33:38 20-01-2022 INFO  ProductController - DELETE: /v1/products/1 has been called
21:33:38 20-01-2022 INFO  ProductController - PUT: /v1/products/1 has been called
21:36:02 20-01-2022 INFO  ProductController - GET: /v1/products/1 has been called
21:36:02 20-01-2022 INFO  ProductController - GET: /v1/products has been called
21:36:02 20-01-2022 INFO  ProductController - POST: /v1/products has been called
21:36:02 20-01-2022 INFO  ProductController - DELETE: /v1/products/1 has been called
21:36:02 20-01-2022 INFO  ProductController - PUT: /v1/products/1 has been called
21:38:17 20-01-2022 INFO  ProductController - GET: /v1/products/1 has been called
21:38:17 20-01-2022 INFO  ProductController - GET: /v1/products has been called
21:38:17 20-01-2022 INFO  ProductController - POST: /v1/products has been called
21:38:17 20-01-2022 INFO  ProductController - DELETE: /v1/products/1 has been called
21:38:17 20-01-2022 INFO  ProductController - PUT: /v1/products/1 has been called
21:40:00 20-01-2022 INFO  ProductController - GET: /v1/products/1 has been called
21:40:01 20-01-2022 INFO  ProductController - POST: /v1/products has been called
21:40:01 20-01-2022 INFO  ProductController - DELETE: /v1/products/1 has been called
21:40:01 20-01-2022 INFO  ProductController - PUT: /v1/products/1 has been called
21:41:15 20-01-2022 INFO  ProductController - GET: /v1/products/1 has been called
21:41:15 20-01-2022 INFO  ProductController - GET: /v1/products has been called
21:41:16 20-01-2022 INFO  ProductController - POST: /v1/products has been called
21:41:16 20-01-2022 INFO  ProductController - DELETE: /v1/products/1 has been called
21:41:16 20-01-2022 INFO  ProductController - PUT: /v1/products/1 has been called
21:42:04 20-01-2022 INFO  ProductController - GET: /v1/products/1 has been called
21:42:04 20-01-2022 INFO  ProductController - GET: /v1/products has been called
21:42:05 20-01-2022 INFO  ProductController - POST: /v1/products has been called
21:42:05 20-01-2022 INFO  ProductController - DELETE: /v1/products/1 has been called
21:42:05 20-01-2022 INFO  ProductController - PUT: /v1/products/1 has been called
21:48:34 20-01-2022 INFO  ProductController - GET: /v1/products/1 has been called
21:48:34 20-01-2022 INFO  ProductController - GET: /v1/products has been called
21:48:35 20-01-2022 INFO  ProductController - POST: /v1/products has been called
21:48:35 20-01-2022 INFO  ProductController - POST: /v1/products has been called
21:48:35 20-01-2022 INFO  ProductController - DELETE: /v1/products/1 has been called
21:48:35 20-01-2022 INFO  ProductController - PUT: /v1/products/1 has been called
21:49:51 20-01-2022 INFO  ProductController - GET: /v1/products/1 has been called
21:49:52 20-01-2022 INFO  ProductController - GET: /v1/products has been called
21:49:52 20-01-2022 INFO  ProductController - POST: /v1/products has been called
21:49:52 20-01-2022 INFO  ProductController - POST: /v1/products has been called
21:49:52 20-01-2022 INFO  ProductController - DELETE: /v1/products/1 has been called
21:49:52 20-01-2022 INFO  ProductController - PUT: /v1/products/1 has been called
22:01:08 20-01-2022 INFO  ProductController - GET: /v1/products/1 has been called
22:01:08 20-01-2022 INFO  ProductController - GET: /v1/products has been called
22:01:08 20-01-2022 INFO  ProductController - POST: /v1/products has been called
22:01:08 20-01-2022 INFO  ProductController - POST: /v1/products has been called
22:01:08 20-01-2022 INFO  ProductController - DELETE: /v1/products/1 has been called
22:01:08 20-01-2022 INFO  ProductController - PUT: /v1/products/1 has been called
22:02:55 20-01-2022 INFO  ProductController - GET: /v1/products/1 has been called
22:05:38 20-01-2022 INFO  ProductController - GET: /v1/products has been called
22:05:38 20-01-2022 INFO  ProductController - POST: /v1/products has been called
22:06:03 20-01-2022 INFO  ProductController - GET: /v1/products/1 has been called
22:06:03 20-01-2022 INFO  ProductController - GET: /v1/products has been called
22:06:03 20-01-2022 INFO  ProductController - POST: /v1/products has been called
22:06:03 20-01-2022 INFO  ProductController - POST: /v1/products has been called
22:06:03 20-01-2022 INFO  ProductController - DELETE: /v1/products/1 has been called
22:06:03 20-01-2022 INFO  ProductController - PUT: /v1/products/1 has been called
22:07:34 20-01-2022 INFO  ProductController - GET: /v1/products/1 has been called
22:08:01 20-01-2022 INFO  ProductController - GET: /v1/products has been called
22:08:34 20-01-2022 INFO  ProductController - GET: /v1/products/1 has been called
22:08:34 20-01-2022 INFO  ProductController - PUT: /v1/products/1 has been called
22:08:34 20-01-2022 INFO  ProductController - GET: /v1/products has been called
22:08:34 20-01-2022 INFO  ProductController - POST: /v1/products has been called
22:08:34 20-01-2022 INFO  ProductController - POST: /v1/products has been called
22:08:34 20-01-2022 INFO  ProductController - DELETE: /v1/products/1 has been called
22:08:34 20-01-2022 INFO  ProductController - PUT: /v1/products/1 has been called
22:09:18 20-01-2022 INFO  ProductController - GET: /v1/products/1 has been called
22:09:19 20-01-2022 INFO  ProductController - PUT: /v1/products/1 has been called
22:09:19 20-01-2022 INFO  ProductController - GET: /v1/products has been called
22:09:19 20-01-2022 INFO  ProductController - POST: /v1/products has been called
22:09:19 20-01-2022 INFO  ProductController - POST: /v1/products has been called
22:09:19 20-01-2022 INFO  ProductController - DELETE: /v1/products/1 has been called
22:09:19 20-01-2022 INFO  ProductController - PUT: /v1/products/1 has been called
22:12:50 20-01-2022 INFO  ProductController - GET: /v1/products/1 has been called
22:12:51 20-01-2022 INFO  ProductController - PUT: /v1/products/1 has been called
22:12:51 20-01-2022 INFO  ProductController - GET: /v1/products has been called
22:12:51 20-01-2022 INFO  ProductController - POST: /v1/products has been called
22:12:51 20-01-2022 INFO  ProductController - POST: /v1/products has been called
22:12:51 20-01-2022 INFO  ProductController - DELETE: /v1/products/1 has been called
22:12:51 20-01-2022 INFO  ProductController - PUT: /v1/products/1 has been called
08:46:44 21-01-2022 INFO  ProductController - GET: /v1/products/1 has been called
08:46:44 21-01-2022 INFO  ProductController - PUT: /v1/products/1 has been called
08:46:44 21-01-2022 INFO  ProductController - GET: /v1/products has been called
08:46:44 21-01-2022 INFO  ProductController - POST: /v1/products has been called
08:46:44 21-01-2022 INFO  ProductController - POST: /v1/products has been called
08:46:45 21-01-2022 INFO  ProductController - DELETE: /v1/products/1 has been called
08:46:45 21-01-2022 INFO  ProductController - PUT: /v1/products/1 has been called
09:05:24 21-01-2022 INFO  ProductController - GET: /v1/products/1 has been called
09:05:24 21-01-2022 INFO  ProductController - PUT: /v1/products/1 has been called
09:05:24 21-01-2022 INFO  ProductController - GET: /v1/products has been called
09:05:24 21-01-2022 INFO  ProductController - POST: /v1/products has been called
09:05:24 21-01-2022 INFO  ProductController - POST: /v1/products has been called
09:05:24 21-01-2022 INFO  ProductController - DELETE: /v1/products/1 has been called
09:05:24 21-01-2022 INFO  ProductController - PUT: /v1/products/1 has been called
09:17:07 21-01-2022 INFO  ProductController - GET: /v1/products/1 has been called
09:17:07 21-01-2022 INFO  ProductController - PUT: /v1/products/1 has been called
09:17:07 21-01-2022 INFO  ProductController - GET: /v1/products has been called
09:17:08 21-01-2022 INFO  ProductController - POST: /v1/products has been called
09:17:08 21-01-2022 INFO  ProductController - POST: /v1/products has been called
09:17:08 21-01-2022 INFO  ProductController - DELETE: /v1/products/1 has been called
09:17:08 21-01-2022 INFO  ProductController - PUT: /v1/products/1 has been called
09:31:47 21-01-2022 INFO  ProductController - POST: /v1/products has been called
09:35:48 21-01-2022 INFO  ProductController - POST: /v1/products has been called
09:35:50 21-01-2022 INFO  ProductController - GET: /v1/products has been called
09:45:49 21-01-2022 INFO  ProductController - POST: /v1/products has been called
09:46:05 21-01-2022 INFO  ProductController - POST: /v1/products has been called
09:46:26 21-01-2022 INFO  ProductController - POST: /v1/products has been called
09:48:17 21-01-2022 INFO  ProductController - POST: /v1/products has been called
09:48:19 21-01-2022 INFO  ProductController - POST: /v1/products has been called
09:50:53 21-01-2022 INFO  ProductController - POST: /v1/products has been called
09:53:52 21-01-2022 INFO  ProductController - GET: /v1/products/1 has been called
09:53:52 21-01-2022 INFO  ProductController - PUT: /v1/products/1 has been called
09:53:52 21-01-2022 INFO  ProductController - GET: /v1/products has been called
09:53:52 21-01-2022 INFO  ProductController - POST: /v1/products has been called
09:53:52 21-01-2022 INFO  ProductController - POST: /v1/products has been called
09:53:52 21-01-2022 INFO  ProductController - DELETE: /v1/products/1 has been called
09:53:52 21-01-2022 INFO  ProductController - PUT: /v1/products/1 has been called
09:54:18 21-01-2022 INFO  ProductController - GET: /v1/products/1 has been called
09:54:18 21-01-2022 INFO  ProductController - PUT: /v1/products/1 has been called
09:54:18 21-01-2022 INFO  ProductController - GET: /v1/products has been called
09:54:18 21-01-2022 INFO  ProductController - POST: /v1/products has been called
09:54:18 21-01-2022 INFO  ProductController - POST: /v1/products has been called
09:54:18 21-01-2022 INFO  ProductController - DELETE: /v1/products/1 has been called
09:54:18 21-01-2022 INFO  ProductController - PUT: /v1/products/1 has been called
10:04:33 21-01-2022 INFO  ProductController - POST: /v1/products has been called
10:04:45 21-01-2022 INFO  ProductController - POST: /v1/products has been called
10:04:48 21-01-2022 INFO  ProductController - POST: /v1/products has been called
10:04:54 21-01-2022 INFO  ProductController - POST: /v1/products has been called
10:04:58 21-01-2022 INFO  ProductController - POST: /v1/products has been called
10:09:46 21-01-2022 INFO  ProductController - POST: /v1/products has been called
10:09:50 21-01-2022 INFO  ProductController - POST: /v1/products has been called
10:09:55 21-01-2022 INFO  ProductController - POST: /v1/products has been called
10:10:03 21-01-2022 INFO  ProductController - POST: /v1/products has been called
10:10:11 21-01-2022 INFO  ProductController - POST: /v1/products has been called
10:12:42 21-01-2022 INFO  ProductController - POST: /v1/products has been called
10:12:44 21-01-2022 INFO  ProductController - POST: /v1/products has been called
10:12:44 21-01-2022 INFO  ProductController - POST: /v1/products has been called
10:14:18 21-01-2022 INFO  ProductController - POST: /v1/products has been called
10:14:19 21-01-2022 INFO  ProductController - POST: /v1/products has been called
10:14:20 21-01-2022 INFO  ProductController - POST: /v1/products has been called
10:14:21 21-01-2022 INFO  ProductController - POST: /v1/products has been called
10:14:21 21-01-2022 INFO  ProductController - POST: /v1/products has been called
10:15:24 21-01-2022 INFO  ProductController - POST: /v1/products has been called
10:15:26 21-01-2022 INFO  ProductController - POST: /v1/products has been called
10:15:32 21-01-2022 INFO  ProductController - POST: /v1/products has been called
10:15:34 21-01-2022 INFO  ProductController - POST: /v1/products has been called
10:15:43 21-01-2022 INFO  ProductController - POST: /v1/products has been called
10:15:49 21-01-2022 INFO  ProductController - POST: /v1/products has been called
10:16:35 21-01-2022 INFO  ProductController - POST: /v1/products has been called
10:16:44 21-01-2022 INFO  ProductController - POST: /v1/products has been called
10:16:45 21-01-2022 INFO  ProductController - POST: /v1/products has been called
10:16:45 21-01-2022 INFO  ProductController - POST: /v1/products has been called
10:18:23 21-01-2022 INFO  ProductController - POST: /v1/products has been called
10:18:53 21-01-2022 INFO  ProductController - POST: /v1/products has been called
10:18:59 21-01-2022 INFO  ProductController - POST: /v1/products has been called
10:25:59 21-01-2022 INFO  ProductController - POST: /v1/products has been called
10:26:54 21-01-2022 INFO  ProductController - POST: /v1/products has been called
10:26:55 21-01-2022 INFO  ProductController - POST: /v1/products has been called
10:27:04 21-01-2022 INFO  ProductController - POST: /v1/products has been called
10:27:07 21-01-2022 INFO  ProductController - POST: /v1/products has been called
10:31:03 21-01-2022 INFO  ProductController - POST: /v1/products has been called
10:31:59 21-01-2022 INFO  ProductController - POST: /v1/products has been called
10:34:20 21-01-2022 INFO  ProductController - POST: /v1/products has been called
10:34:22 21-01-2022 INFO  ProductController - POST: /v1/products has been called
10:39:13 21-01-2022 INFO  ProductController - POST: /v1/products has been called
10:39:15 21-01-2022 INFO  ProductController - POST: /v1/products has been called
10:39:16 21-01-2022 INFO  ProductController - POST: /v1/products has been called
10:44:27 21-01-2022 INFO  ProductController - GET: /v1/products/1 has been called
10:47:04 21-01-2022 INFO  ProductController - GET: /v1/products/1 has been called
10:47:18 21-01-2022 INFO  ProductController - GET: /v1/products has been called
10:47:20 21-01-2022 INFO  ProductController - PUT: /v1/products/1 has been called
10:47:54 21-01-2022 INFO  ProductController - PUT: /v1/products/1/productpicture has been called
10:47:59 21-01-2022 INFO  ProductController - DELETE: /v1/products/1 has been called
10:48:06 21-01-2022 INFO  ProductController - POST: /v1/products has been called
10:48:10 21-01-2022 INFO  ProductController - POST: /v1/products has been called
10:48:12 21-01-2022 INFO  ProductController - POST: /v1/products has been called
10:48:24 21-01-2022 INFO  ProductController - POST: /v1/products has been called
10:48:31 21-01-2022 INFO  ProductController - POST: /v1/products has been called
10:52:18 21-01-2022 INFO  ProductController - POST: /v1/products has been called
10:52:22 21-01-2022 INFO  ProductController - POST: /v1/products has been called
10:52:59 21-01-2022 INFO  ProductController - POST: /v1/products has been called
10:53:06 21-01-2022 INFO  ProductController - POST: /v1/products has been called
10:53:12 21-01-2022 INFO  ProductController - POST: /v1/products has been called
10:58:02 21-01-2022 INFO  ProductController - GET: /v1/products/1 has been called
10:58:03 21-01-2022 INFO  ProductController - PUT: /v1/products/1 has been called
10:58:03 21-01-2022 INFO  ProductController - GET: /v1/products has been called
10:58:03 21-01-2022 INFO  ProductController - POST: /v1/products has been called
10:58:03 21-01-2022 INFO  ProductController - POST: /v1/products has been called
10:58:03 21-01-2022 INFO  ProductController - DELETE: /v1/products/1 has been called
10:58:03 21-01-2022 INFO  ProductController - PUT: /v1/products/1 has been called
11:04:29 21-01-2022 INFO  ProductController - GET: /v1/products/1 has been called
11:04:30 21-01-2022 INFO  ProductController - PUT: /v1/products/1 has been called
11:04:30 21-01-2022 INFO  ProductController - GET: /v1/products has been called
11:04:30 21-01-2022 INFO  ProductController - POST: /v1/products has been called
11:04:30 21-01-2022 INFO  ProductController - POST: /v1/products has been called
11:04:30 21-01-2022 INFO  ProductController - DELETE: /v1/products/1 has been called
11:04:30 21-01-2022 INFO  ProductController - PUT: /v1/products/1 has been called
11:06:12 21-01-2022 INFO  ProductController - GET: /v1/products/1 has been called
11:06:12 21-01-2022 INFO  ProductController - PUT: /v1/products/1 has been called
11:06:12 21-01-2022 INFO  ProductController - GET: /v1/products has been called
11:06:13 21-01-2022 INFO  ProductController - POST: /v1/products has been called
11:06:13 21-01-2022 INFO  ProductController - POST: /v1/products has been called
11:06:13 21-01-2022 INFO  ProductController - DELETE: /v1/products/1 has been called
11:06:13 21-01-2022 INFO  ProductController - PUT: /v1/products/1 has been called
11:15:58 21-01-2022 INFO  ProductController - GET: /v1/products/1 has been called
11:15:59 21-01-2022 INFO  ProductController - PUT: /v1/products/1 has been called
11:15:59 21-01-2022 INFO  ProductController - GET: /v1/products has been called
11:15:59 21-01-2022 INFO  ProductController - POST: /v1/products has been called
11:15:59 21-01-2022 INFO  ProductController - POST: /v1/products has been called
11:15:59 21-01-2022 INFO  ProductController - DELETE: /v1/products/1 has been called
11:15:59 21-01-2022 INFO  ProductController - PUT: /v1/products/1 has been called
11:16:57 21-01-2022 INFO  ProductController - GET: /v1/products/1 has been called
11:16:58 21-01-2022 INFO  ProductController - PUT: /v1/products/1 has been called
11:16:58 21-01-2022 INFO  ProductController - GET: /v1/products has been called
11:16:58 21-01-2022 INFO  ProductController - POST: /v1/products has been called
11:16:58 21-01-2022 INFO  ProductController - POST: /v1/products has been called
11:16:58 21-01-2022 INFO  ProductController - DELETE: /v1/products/1 has been called
11:16:58 21-01-2022 INFO  ProductController - PUT: /v1/products/1 has been called
11:18:10 21-01-2022 INFO  ProductController - GET: /v1/products/1 has been called
11:18:10 21-01-2022 INFO  ProductController - PUT: /v1/products/1 has been called
11:18:10 21-01-2022 INFO  ProductController - GET: /v1/products has been called
11:18:10 21-01-2022 INFO  ProductController - POST: /v1/products has been called
11:18:10 21-01-2022 INFO  ProductController - POST: /v1/products has been called
11:18:10 21-01-2022 INFO  ProductController - DELETE: /v1/products/1 has been called
11:18:10 21-01-2022 INFO  ProductController - PUT: /v1/products/1 has been called
11:19:26 21-01-2022 INFO  ProductController - GET: /v1/products/1 has been called
11:19:26 21-01-2022 INFO  ProductController - PUT: /v1/products/1 has been called
11:19:26 21-01-2022 INFO  ProductController - GET: /v1/products has been called
11:19:26 21-01-2022 INFO  ProductController - POST: /v1/products has been called
11:19:27 21-01-2022 INFO  ProductController - POST: /v1/products has been called
11:19:27 21-01-2022 INFO  ProductController - DELETE: /v1/products/1 has been called
11:19:27 21-01-2022 INFO  ProductController - PUT: /v1/products/1 has been called
11:20:49 21-01-2022 INFO  ProductController - GET: /v1/products/1 has been called
11:20:49 21-01-2022 INFO  ProductController - PUT: /v1/products/1 has been called
11:20:49 21-01-2022 INFO  ProductController - GET: /v1/products has been called
11:20:49 21-01-2022 INFO  ProductController - POST: /v1/products has been called
11:20:50 21-01-2022 INFO  ProductController - POST: /v1/products has been called
11:20:50 21-01-2022 INFO  ProductController - DELETE: /v1/products/1 has been called
11:20:50 21-01-2022 INFO  ProductController - PUT: /v1/products/1 has been called
11:24:01 21-01-2022 INFO  ProductController - GET: /v1/products/1 has been called
11:24:02 21-01-2022 INFO  ProductController - PUT: /v1/products/1 has been called
11:24:02 21-01-2022 INFO  ProductController - GET: /v1/products has been called
11:24:02 21-01-2022 INFO  ProductController - POST: /v1/products has been called
11:24:02 21-01-2022 INFO  ProductController - POST: /v1/products has been called
11:24:02 21-01-2022 INFO  ProductController - DELETE: /v1/products/1 has been called
11:24:02 21-01-2022 INFO  ProductController - PUT: /v1/products/1 has been called
11:24:41 21-01-2022 INFO  ProductController - GET: /v1/products/1 has been called
11:24:41 21-01-2022 INFO  ProductController - PUT: /v1/products/1 has been called
11:24:41 21-01-2022 INFO  ProductController - GET: /v1/products has been called
11:24:41 21-01-2022 INFO  ProductController - POST: /v1/products has been called
11:24:41 21-01-2022 INFO  ProductController - POST: /v1/products has been called
11:24:41 21-01-2022 INFO  ProductController - DELETE: /v1/products/1 has been called
11:24:41 21-01-2022 INFO  ProductController - PUT: /v1/products/1 has been called
11:25:10 21-01-2022 INFO  ProductController - GET: /v1/products/1 has been called
11:25:11 21-01-2022 INFO  ProductController - PUT: /v1/products/1 has been called
11:25:11 21-01-2022 INFO  ProductController - GET: /v1/products has been called
11:25:11 21-01-2022 INFO  ProductController - POST: /v1/products has been called
11:25:11 21-01-2022 INFO  ProductController - POST: /v1/products has been called
11:25:11 21-01-2022 INFO  ProductController - DELETE: /v1/products/1 has been called
11:25:11 21-01-2022 INFO  ProductController - PUT: /v1/products/1 has been called
11:30:08 21-01-2022 INFO  ProductController - GET: /v1/products/1 has been called
11:30:08 21-01-2022 INFO  ProductController - PUT: /v1/products/1 has been called
11:30:08 21-01-2022 INFO  ProductController - GET: /v1/products has been called
11:30:08 21-01-2022 INFO  ProductController - POST: /v1/products has been called
11:30:08 21-01-2022 INFO  ProductController - POST: /v1/products has been called
11:30:08 21-01-2022 INFO  ProductController - DELETE: /v1/products/1 has been called
11:30:08 21-01-2022 INFO  ProductController - PUT: /v1/products/1 has been called
11:30:50 21-01-2022 INFO  ProductController - GET: /v1/products/1 has been called
11:30:51 21-01-2022 INFO  ProductController - PUT: /v1/products/1 has been called
11:30:51 21-01-2022 INFO  ProductController - GET: /v1/products has been called
11:30:51 21-01-2022 INFO  ProductController - POST: /v1/products has been called
11:30:51 21-01-2022 INFO  ProductController - POST: /v1/products has been called
11:30:51 21-01-2022 INFO  ProductController - DELETE: /v1/products/1 has been called
11:30:51 21-01-2022 INFO  ProductController - PUT: /v1/products/1 has been called
11:31:22 21-01-2022 INFO  ProductController - GET: /v1/products/1 has been called
11:31:23 21-01-2022 INFO  ProductController - PUT: /v1/products/1 has been called
11:31:23 21-01-2022 INFO  ProductController - GET: /v1/products has been called
11:31:23 21-01-2022 INFO  ProductController - POST: /v1/products has been called
11:31:23 21-01-2022 INFO  ProductController - POST: /v1/products has been called
11:31:23 21-01-2022 INFO  ProductController - DELETE: /v1/products/1 has been called
11:31:23 21-01-2022 INFO  ProductController - PUT: /v1/products/1 has been called
11:32:10 21-01-2022 INFO  ProductController - GET: /v1/products/1 has been called
11:32:10 21-01-2022 INFO  ProductController - PUT: /v1/products/1 has been called
11:32:10 21-01-2022 INFO  ProductController - GET: /v1/products has been called
11:32:10 21-01-2022 INFO  ProductController - POST: /v1/products has been called
11:32:10 21-01-2022 INFO  ProductController - POST: /v1/products has been called
11:32:10 21-01-2022 INFO  ProductController - DELETE: /v1/products/1 has been called
11:32:10 21-01-2022 INFO  ProductController - PUT: /v1/products/1 has been called
11:32:51 21-01-2022 INFO  ProductController - GET: /v1/products/1 has been called
11:32:52 21-01-2022 INFO  ProductController - PUT: /v1/products/1 has been called
11:32:52 21-01-2022 INFO  ProductController - GET: /v1/products has been called
11:32:52 21-01-2022 INFO  ProductController - POST: /v1/products has been called
11:32:52 21-01-2022 INFO  ProductController - POST: /v1/products has been called
11:32:52 21-01-2022 INFO  ProductController - DELETE: /v1/products/1 has been called
11:32:52 21-01-2022 INFO  ProductController - PUT: /v1/products/1 has been called
11:44:49 21-01-2022 INFO  ProductController - GET: /v1/products/1 has been called
11:44:49 21-01-2022 INFO  ProductController - PUT: /v1/products/1 has been called
11:44:49 21-01-2022 INFO  ProductController - GET: /v1/products has been called
11:44:49 21-01-2022 INFO  ProductController - POST: /v1/products has been called
11:44:49 21-01-2022 INFO  ProductController - POST: /v1/products has been called
11:44:49 21-01-2022 INFO  ProductController - DELETE: /v1/products/1 has been called
11:44:49 21-01-2022 INFO  ProductController - PUT: /v1/products/1 has been called
11:46:22 21-01-2022 INFO  ProductController - GET: /v1/products/1 has been called
11:46:22 21-01-2022 INFO  ProductController - PUT: /v1/products/1 has been called
11:46:22 21-01-2022 INFO  ProductController - GET: /v1/products has been called
11:46:22 21-01-2022 INFO  ProductController - POST: /v1/products has been called
11:46:22 21-01-2022 INFO  ProductController - POST: /v1/products has been called
11:46:22 21-01-2022 INFO  ProductController - DELETE: /v1/products/1 has been called
11:46:22 21-01-2022 INFO  ProductController - PUT: /v1/products/1 has been called
11:48:36 21-01-2022 INFO  ProductController - GET: /v1/products/1 has been called
11:48:36 21-01-2022 INFO  ProductController - PUT: /v1/products/1 has been called
11:48:36 21-01-2022 INFO  ProductController - GET: /v1/products has been called
11:48:36 21-01-2022 INFO  ProductController - POST: /v1/products has been called
11:48:36 21-01-2022 INFO  ProductController - POST: /v1/products has been called
11:48:36 21-01-2022 INFO  ProductController - DELETE: /v1/products/1 has been called
11:48:36 21-01-2022 INFO  ProductController - PUT: /v1/products/1 has been called
11:50:11 21-01-2022 INFO  ProductController - GET: /v1/products/1 has been called
11:50:12 21-01-2022 INFO  ProductController - PUT: /v1/products/1 has been called
11:50:12 21-01-2022 INFO  ProductController - GET: /v1/products has been called
11:50:12 21-01-2022 INFO  ProductController - POST: /v1/products has been called
11:50:12 21-01-2022 INFO  ProductController - POST: /v1/products has been called
11:50:12 21-01-2022 INFO  ProductController - DELETE: /v1/products/1 has been called
11:50:12 21-01-2022 INFO  ProductController - PUT: /v1/products/1 has been called
11:51:19 21-01-2022 INFO  ProductController - GET: /v1/products/1 has been called
11:51:19 21-01-2022 INFO  ProductController - PUT: /v1/products/1 has been called
11:51:19 21-01-2022 INFO  ProductController - GET: /v1/products has been called
11:51:19 21-01-2022 INFO  ProductController - POST: /v1/products has been called
11:51:19 21-01-2022 INFO  ProductController - POST: /v1/products has been called
11:51:19 21-01-2022 INFO  ProductController - DELETE: /v1/products/1 has been called
11:51:19 21-01-2022 INFO  ProductController - PUT: /v1/products/1 has been called
11:52:12 21-01-2022 INFO  ProductController - GET: /v1/products/1 has been called
11:52:12 21-01-2022 INFO  ProductController - PUT: /v1/products/1 has been called
11:52:12 21-01-2022 INFO  ProductController - GET: /v1/products has been called
11:52:12 21-01-2022 INFO  ProductController - POST: /v1/products has been called
11:52:12 21-01-2022 INFO  ProductController - POST: /v1/products has been called
11:52:12 21-01-2022 INFO  ProductController - DELETE: /v1/products/1 has been called
11:52:12 21-01-2022 INFO  ProductController - PUT: /v1/products/1 has been called
12:07:13 21-01-2022 INFO  ProductController - GET: /v1/products/1 has been called
12:07:13 21-01-2022 INFO  ProductController - PUT: /v1/products/1 has been called
12:07:13 21-01-2022 INFO  ProductController - GET: /v1/products has been called
12:07:13 21-01-2022 INFO  ProductController - POST: /v1/products has been called
12:07:13 21-01-2022 INFO  ProductController - POST: /v1/products has been called
12:07:13 21-01-2022 INFO  ProductController - DELETE: /v1/products/1 has been called
12:07:13 21-01-2022 INFO  ProductController - PUT: /v1/products/1 has been called
12:08:05 21-01-2022 INFO  ProductController - GET: /v1/products/1 has been called
12:08:05 21-01-2022 INFO  ProductController - PUT: /v1/products/1 has been called
12:08:05 21-01-2022 INFO  ProductController - GET: /v1/products has been called
12:08:05 21-01-2022 INFO  ProductController - POST: /v1/products has been called
12:08:05 21-01-2022 INFO  ProductController - POST: /v1/products has been called
12:08:05 21-01-2022 INFO  ProductController - DELETE: /v1/products/1 has been called
12:08:05 21-01-2022 INFO  ProductController - PUT: /v1/products/1 has been called
12:09:44 21-01-2022 INFO  ProductController - GET: /v1/products/1 has been called
12:09:44 21-01-2022 INFO  ProductController - PUT: /v1/products/1 has been called
12:09:44 21-01-2022 INFO  ProductController - GET: /v1/products has been called
12:09:44 21-01-2022 INFO  ProductController - POST: /v1/products has been called
12:09:44 21-01-2022 INFO  ProductController - POST: /v1/products has been called
12:09:44 21-01-2022 INFO  ProductController - DELETE: /v1/products/1 has been called
12:09:44 21-01-2022 INFO  ProductController - PUT: /v1/products/1 has been called
12:10:20 21-01-2022 INFO  ProductController - GET: /v1/products/1 has been called
12:10:20 21-01-2022 INFO  ProductController - PUT: /v1/products/1 has been called
12:10:20 21-01-2022 INFO  ProductController - GET: /v1/products has been called
12:10:20 21-01-2022 INFO  ProductController - POST: /v1/products has been called
12:10:20 21-01-2022 INFO  ProductController - POST: /v1/products has been called
12:10:20 21-01-2022 INFO  ProductController - DELETE: /v1/products/1 has been called
12:10:20 21-01-2022 INFO  ProductController - PUT: /v1/products/1 has been called
12:10:59 21-01-2022 INFO  ProductController - GET: /v1/products/1 has been called
12:10:59 21-01-2022 INFO  ProductController - PUT: /v1/products/1 has been called
12:10:59 21-01-2022 INFO  ProductController - GET: /v1/products has been called
12:10:59 21-01-2022 INFO  ProductController - POST: /v1/products has been called
12:10:59 21-01-2022 INFO  ProductController - POST: /v1/products has been called
12:10:59 21-01-2022 INFO  ProductController - DELETE: /v1/products/1 has been called
12:10:59 21-01-2022 INFO  ProductController - PUT: /v1/products/1 has been called
12:11:31 21-01-2022 INFO  ProductController - GET: /v1/products/1 has been called
12:11:31 21-01-2022 INFO  ProductController - PUT: /v1/products/1 has been called
12:11:31 21-01-2022 INFO  ProductController - GET: /v1/products has been called
12:11:31 21-01-2022 INFO  ProductController - POST: /v1/products has been called
12:11:31 21-01-2022 INFO  ProductController - POST: /v1/products has been called
12:11:31 21-01-2022 INFO  ProductController - DELETE: /v1/products/1 has been called
12:11:31 21-01-2022 INFO  ProductController - PUT: /v1/products/1 has been called
12:12:05 21-01-2022 INFO  ProductController - GET: /v1/products/1 has been called
12:12:05 21-01-2022 INFO  ProductController - PUT: /v1/products/1 has been called
12:12:05 21-01-2022 INFO  ProductController - GET: /v1/products has been called
12:12:05 21-01-2022 INFO  ProductController - POST: /v1/products has been called
12:12:05 21-01-2022 INFO  ProductController - POST: /v1/products has been called
12:12:05 21-01-2022 INFO  ProductController - DELETE: /v1/products/1 has been called
12:12:05 21-01-2022 INFO  ProductController - PUT: /v1/products/1 has been called
12:13:01 21-01-2022 INFO  ProductController - GET: /v1/products/1 has been called
12:13:01 21-01-2022 INFO  ProductController - PUT: /v1/products/1 has been called
12:13:01 21-01-2022 INFO  ProductController - GET: /v1/products has been called
12:13:01 21-01-2022 INFO  ProductController - POST: /v1/products has been called
12:13:01 21-01-2022 INFO  ProductController - POST: /v1/products has been called
12:13:01 21-01-2022 INFO  ProductController - DELETE: /v1/products/1 has been called
12:13:01 21-01-2022 INFO  ProductController - PUT: /v1/products/1 has been called
12:15:16 21-01-2022 INFO  ProductController - GET: /v1/products/1 has been called
12:15:17 21-01-2022 INFO  ProductController - PUT: /v1/products/1 has been called
12:15:17 21-01-2022 INFO  ProductController - GET: /v1/products has been called
12:15:17 21-01-2022 INFO  ProductController - POST: /v1/products has been called
12:15:17 21-01-2022 INFO  ProductController - POST: /v1/products has been called
12:15:17 21-01-2022 INFO  ProductController - DELETE: /v1/products/1 has been called
12:15:17 21-01-2022 INFO  ProductController - PUT: /v1/products/1 has been called
12:22:04 21-01-2022 INFO  ProductController - GET: /v1/products/1 has been called
12:22:05 21-01-2022 INFO  ProductController - PUT: /v1/products/1 has been called
12:22:05 21-01-2022 INFO  ProductController - GET: /v1/products has been called
12:22:05 21-01-2022 INFO  ProductController - POST: /v1/products has been called
12:22:05 21-01-2022 INFO  ProductController - POST: /v1/products has been called
12:22:05 21-01-2022 INFO  ProductController - DELETE: /v1/products/1 has been called
12:22:05 21-01-2022 INFO  ProductController - PUT: /v1/products/1 has been called
12:22:46 21-01-2022 INFO  ProductController - GET: /v1/products/1 has been called
12:22:47 21-01-2022 INFO  ProductController - PUT: /v1/products/1 has been called
12:22:47 21-01-2022 INFO  ProductController - GET: /v1/products has been called
12:22:47 21-01-2022 INFO  ProductController - POST: /v1/products has been called
12:22:47 21-01-2022 INFO  ProductController - POST: /v1/products has been called
12:22:47 21-01-2022 INFO  ProductController - DELETE: /v1/products/1 has been called
12:22:47 21-01-2022 INFO  ProductController - PUT: /v1/products/1 has been called
12:23:51 21-01-2022 INFO  ProductController - GET: /v1/products/1 has been called
12:23:51 21-01-2022 INFO  ProductController - PUT: /v1/products/1 has been called
12:23:51 21-01-2022 INFO  ProductController - GET: /v1/products has been called
12:23:51 21-01-2022 INFO  ProductController - POST: /v1/products has been called
12:23:52 21-01-2022 INFO  ProductController - POST: /v1/products has been called
12:23:52 21-01-2022 INFO  ProductController - DELETE: /v1/products/1 has been called
12:23:52 21-01-2022 INFO  ProductController - PUT: /v1/products/1 has been called
12:25:44 21-01-2022 INFO  ProductController - POST: /v1/products has been called
12:25:49 21-01-2022 INFO  ProductController - POST: /v1/products has been called
12:29:27 21-01-2022 INFO  ProductController - POST: /v1/products has been called
12:29:35 21-01-2022 INFO  ProductController - DELETE: /v1/products/1 has been called
12:30:09 21-01-2022 INFO  ProductController - GET: /v1/products has been called
12:57:12 21-01-2022 INFO  ProductController - GET: /v1/products has been called
12:57:15 21-01-2022 INFO  ProductController - POST: /v1/products has been called
12:57:19 21-01-2022 INFO  ProductController - DELETE: /v1/products/1 has been called
12:57:19 21-01-2022 ERROR OrderService - Order-Service is not available!
[503] during [GET] to [http://192.168.100.174:9002/v1/orders/products/1] [IOrderServiceClient#getIsProductInOrders(Long)]: [Load balancer does not contain an instance for the service 192.168.100.174]
12:57:28 21-01-2022 INFO  ProductController - GET: /v1/products has been called
12:57:30 21-01-2022 INFO  ProductController - POST: /v1/products has been called
12:57:34 21-01-2022 INFO  ProductController - GET: /v1/products has been called
12:57:37 21-01-2022 INFO  ProductController - DELETE: /v1/products/2 has been called
12:57:37 21-01-2022 ERROR OrderService - Order-Service is not available!
[503] during [GET] to [http://192.168.100.174:9002/v1/orders/products/2] [IOrderServiceClient#getIsProductInOrders(Long)]: [Load balancer does not contain an instance for the service 192.168.100.174]
12:57:39 21-01-2022 INFO  ProductController - GET: /v1/products has been called
12:59:13 21-01-2022 INFO  ProductController - GET: /v1/products/1 has been called
12:59:13 21-01-2022 INFO  ProductController - PUT: /v1/products/1 has been called
12:59:13 21-01-2022 INFO  ProductController - GET: /v1/products has been called
12:59:13 21-01-2022 INFO  ProductController - POST: /v1/products has been called
12:59:13 21-01-2022 INFO  ProductController - POST: /v1/products has been called
12:59:13 21-01-2022 INFO  ProductController - DELETE: /v1/products/1 has been called
12:59:13 21-01-2022 INFO  ProductController - PUT: /v1/products/1 has been called
13:00:52 21-01-2022 INFO  ProductController - GET: /v1/products/1 has been called
13:00:53 21-01-2022 INFO  ProductController - PUT: /v1/products/1 has been called
13:00:53 21-01-2022 INFO  ProductController - GET: /v1/products has been called
13:00:53 21-01-2022 INFO  ProductController - POST: /v1/products has been called
13:00:53 21-01-2022 INFO  ProductController - POST: /v1/products has been called
13:00:53 21-01-2022 INFO  ProductController - DELETE: /v1/products/1 has been called
13:00:53 21-01-2022 INFO  ProductController - PUT: /v1/products/1 has been called
16:28:48 21-01-2022 INFO  ProductController - POST: /v1/products has been called
16:29:26 21-01-2022 INFO  ProductController - PUT: /v1/products/1 has been called
16:31:10 21-01-2022 INFO  ProductController - PUT: /v1/products/1 has been called
16:32:35 21-01-2022 INFO  ProductController - PUT: /v1/products/1 has been called
16:33:36 21-01-2022 INFO  ProductController - POST: /v1/products has been called
16:33:41 21-01-2022 INFO  ProductController - PUT: /v1/products/2 has been called
16:33:46 21-01-2022 INFO  ProductController - PUT: /v1/products/1 has been called
16:33:49 21-01-2022 ERROR OrderService - Order-Service is not available!
b3d3ccf5bf6a executing GET http://order-service/v1/orders/products/1
16:36:06 21-01-2022 INFO  ProductController - PUT: /v1/products/1 has been called
16:37:18 21-01-2022 INFO  ProductController - PUT: /v1/products/1 has been called
16:37:55 21-01-2022 INFO  ProductController - POST: /v1/products has been called
16:38:00 21-01-2022 INFO  ProductController - PUT: /v1/products/1 has been called
16:38:02 21-01-2022 ERROR OrderService - Order-Service is not available!
b3d3ccf5bf6a executing GET http://order-service/v1/orders/products/1
16:45:02 21-01-2022 INFO  ProductController - PUT: /v1/products/3113723384901481842 has been called
16:46:24 21-01-2022 INFO  ProductController - PUT: /v1/products/2822032023684515978 has been called
16:47:35 21-01-2022 INFO  ProductController - GET: /v1/products/1 has been called
16:47:36 21-01-2022 INFO  ProductController - PUT: /v1/products/1 has been called
16:47:36 21-01-2022 INFO  ProductController - GET: /v1/products has been called
16:47:36 21-01-2022 INFO  ProductController - POST: /v1/products has been called
16:47:36 21-01-2022 INFO  ProductController - POST: /v1/products has been called
16:47:36 21-01-2022 INFO  ProductController - DELETE: /v1/products/1 has been called
16:47:36 21-01-2022 INFO  ProductController - PUT: /v1/products/2813508055239912518 has been called
16:52:00 21-01-2022 INFO  ProductController - GET: /v1/products/1 has been called
16:52:00 21-01-2022 INFO  ProductController - PUT: /v1/products/1 has been called
16:52:00 21-01-2022 INFO  ProductController - GET: /v1/products has been called
16:52:00 21-01-2022 INFO  ProductController - POST: /v1/products has been called
16:52:00 21-01-2022 INFO  ProductController - POST: /v1/products has been called
16:52:00 21-01-2022 INFO  ProductController - DELETE: /v1/products/1 has been called
16:52:00 21-01-2022 INFO  ProductController - PUT: /v1/products/6003531497333684750 has been called
18:00:26 21-01-2022 INFO  ProductController - POST: /v1/products has been called
18:00:28 21-01-2022 INFO  ProductController - GET: /v1/products has been called
18:00:36 21-01-2022 INFO  ProductController - PUT: /v1/products/1 has been called
18:00:38 21-01-2022 ERROR OrderService - Order-Service is not available!
b3d3ccf5bf6a executing GET http://order-service/v1/orders/products/1
18:01:05 21-01-2022 INFO  ProductController - GET: /v1/products has been called
18:01:07 21-01-2022 INFO  ProductController - GET: /v1/products has been called
18:01:08 21-01-2022 INFO  ProductController - GET: /v1/products has been called
18:01:08 21-01-2022 INFO  ProductController - GET: /v1/products has been called
18:01:53 21-01-2022 INFO  ProductController - POST: /v1/products has been called
18:02:12 21-01-2022 INFO  ProductController - PUT: /v1/products/1 has been called
18:02:14 21-01-2022 ERROR OrderService - Order-Service is not available!
b3d3ccf5bf6a executing GET http://order-service/v1/orders/products/1
18:03:29 21-01-2022 INFO  ProductController - POST: /v1/products has been called
18:03:32 21-01-2022 INFO  ProductController - PUT: /v1/products/1 has been called
18:03:35 21-01-2022 ERROR OrderService - Order-Service is not available!
b3d3ccf5bf6a executing GET http://order-service/v1/orders/products/1
18:05:55 21-01-2022 INFO  ProductController - POST: /v1/products has been called
18:05:56 21-01-2022 INFO  ProductController - PUT: /v1/products/1 has been called
18:05:59 21-01-2022 ERROR OrderService - Order-Service is not available!
b3d3ccf5bf6a executing GET http://order-service/v1/orders/products/1
18:07:36 21-01-2022 INFO  ProductController - POST: /v1/products has been called
18:07:36 21-01-2022 INFO  ProductController - PUT: /v1/products/1 has been called
18:07:42 21-01-2022 INFO  ProductController - PUT: /v1/products/1 has been called
18:07:44 21-01-2022 ERROR OrderService - Order-Service is not available!
b3d3ccf5bf6a executing GET http://order-service/v1/orders/products/1
18:08:01 21-01-2022 INFO  ProductController - PUT: /v1/products/1 has been called
18:08:04 21-01-2022 ERROR OrderService - Order-Service is not available!
b3d3ccf5bf6a executing GET http://order-service/v1/orders/products/1
18:11:08 21-01-2022 INFO  ProductController - POST: /v1/products has been called
18:11:11 21-01-2022 INFO  ProductController - PUT: /v1/products/1 has been called
18:11:13 21-01-2022 ERROR OrderService - Order-Service is not available!
b3d3ccf5bf6a executing GET http://order-service/v1/orders/products/1
18:15:47 21-01-2022 INFO  ProductController - POST: /v1/products has been called
18:15:49 21-01-2022 INFO  ProductController - POST: /v1/products has been called
18:15:55 21-01-2022 INFO  ProductController - GET: /v1/products has been called
18:16:03 21-01-2022 INFO  ProductController - GET: /v1/products has been called
18:16:05 21-01-2022 INFO  ProductController - GET: /v1/products/1 has been called
18:16:07 21-01-2022 INFO  ProductController - PUT: /v1/products/1 has been called
18:16:10 21-01-2022 ERROR OrderService - Order-Service is not available!
b3d3ccf5bf6a executing GET http://order-service/v1/orders/products/1
18:16:21 21-01-2022 INFO  ProductController - GET: /v1/products/1 has been called
18:17:25 21-01-2022 INFO  ProductController - GET: /v1/products/1 has been called
18:17:25 21-01-2022 INFO  ProductController - PUT: /v1/products/1 has been called
18:17:25 21-01-2022 INFO  ProductController - GET: /v1/products has been called
18:17:25 21-01-2022 INFO  ProductController - POST: /v1/products has been called
18:17:25 21-01-2022 INFO  ProductController - POST: /v1/products has been called
18:17:25 21-01-2022 INFO  ProductController - DELETE: /v1/products/1 has been called
18:17:25 21-01-2022 INFO  ProductController - PUT: /v1/products/4754296072326838828 has been called
18:43:48 21-01-2022 INFO  ProductController - GET: /v1/products/1 has been called
18:43:48 21-01-2022 INFO  ProductController - PUT: /v1/products/1 has been called
18:43:48 21-01-2022 INFO  ProductController - GET: /v1/products has been called
18:43:48 21-01-2022 INFO  ProductController - POST: /v1/products has been called
18:43:48 21-01-2022 INFO  ProductController - POST: /v1/products has been called
18:43:48 21-01-2022 INFO  ProductController - DELETE: /v1/products/1 has been called
18:43:48 21-01-2022 INFO  ProductController - PUT: /v1/products/958106765599341824 has been called
18:44:52 21-01-2022 INFO  ProductController - GET: /v1/products/1 has been called
18:44:52 21-01-2022 INFO  ProductController - PUT: /v1/products/1 has been called
18:44:52 21-01-2022 INFO  ProductController - GET: /v1/products has been called
18:44:52 21-01-2022 INFO  ProductController - POST: /v1/products has been called
18:44:52 21-01-2022 INFO  ProductController - POST: /v1/products has been called
18:44:52 21-01-2022 INFO  ProductController - DELETE: /v1/products/1 has been called
18:44:52 21-01-2022 INFO  ProductController - PUT: /v1/products/4654348777536721961 has been called
18:46:44 21-01-2022 INFO  ProductController - POST: /v1/products has been called
18:46:44 21-01-2022 INFO  ProductController - POST: /v1/products has been called
18:46:44 21-01-2022 INFO  ProductController - PUT: /v1/products/2735934752591168997 has been called
18:46:44 21-01-2022 INFO  ProductController - GET: /v1/products/1 has been called
18:46:44 21-01-2022 INFO  ProductController - PUT: /v1/products/1 has been called
18:46:44 21-01-2022 INFO  ProductController - DELETE: /v1/products/1 has been called
18:46:44 21-01-2022 INFO  ProductController - GET: /v1/products has been called
18:48:28 21-01-2022 INFO  ProductController - GET: /v1/products/1 has been called
18:48:29 21-01-2022 INFO  ProductController - POST: /v1/products has been called
18:48:29 21-01-2022 INFO  ProductController - POST: /v1/products has been called
18:48:29 21-01-2022 INFO  ProductController - PUT: /v1/products/3535902790110572593 has been called
18:48:29 21-01-2022 INFO  ProductController - GET: /v1/products/1 has been called
18:48:29 21-01-2022 INFO  ProductController - PUT: /v1/products/1 has been called
18:48:29 21-01-2022 INFO  ProductController - DELETE: /v1/products/1 has been called
18:48:29 21-01-2022 INFO  ProductController - GET: /v1/products has been called
18:52:22 21-01-2022 INFO  ProductController - GET: /v1/products/1 has been called
18:52:23 21-01-2022 INFO  ProductController - POST: /v1/products has been called
18:52:24 21-01-2022 INFO  ProductController - POST: /v1/products has been called
18:52:24 21-01-2022 INFO  ProductController - PUT: /v1/products/1160250997607890456 has been called
18:52:24 21-01-2022 INFO  ProductController - GET: /v1/products/1 has been called
18:52:24 21-01-2022 INFO  ProductController - PUT: /v1/products/1 has been called
18:52:24 21-01-2022 INFO  ProductController - DELETE: /v1/products/1 has been called
18:52:24 21-01-2022 INFO  ProductController - GET: /v1/products has been called
18:53:55 21-01-2022 INFO  ProductController - GET: /v1/products/1 has been called
18:54:00 21-01-2022 INFO  ProductController - POST: /v1/products has been called
18:54:05 21-01-2022 INFO  ProductController - GET: /v1/products/1 has been called
18:54:18 21-01-2022 INFO  ProductController - GET: /v1/products/1 has been called
18:54:20 21-01-2022 INFO  ProductController - GET: /v1/products/1 has been called
18:56:58 21-01-2022 INFO  ProductController - GET: /v1/products/1 has been called
18:56:59 21-01-2022 INFO  ProductController - GET: /v1/products/1 has been called
19:00:13 21-01-2022 INFO  ProductController - GET: /v1/products/1 has been called
19:00:14 21-01-2022 INFO  ProductController - GET: /v1/products/1 has been called
19:03:49 21-01-2022 INFO  ProductController - POST: /v1/products has been called
19:03:58 21-01-2022 INFO  ProductController - GET: /v1/products/1 has been called
19:04:03 21-01-2022 INFO  ProductController - GET: /v1/products/1 has been called
19:04:49 21-01-2022 INFO  ProductController - GET: /v1/products has been called
19:04:52 21-01-2022 INFO  ProductController - GET: /v1/products/1 has been called
19:05:34 21-01-2022 INFO  ProductController - POST: /v1/products has been called
19:05:36 21-01-2022 INFO  ProductController - GET: /v1/products/1 has been called
19:05:40 21-01-2022 INFO  ProductController - GET: /v1/products/1 has been called
19:06:46 21-01-2022 INFO  ProductController - POST: /v1/products has been called
19:06:49 21-01-2022 INFO  ProductController - GET: /v1/products/1 has been called
19:06:53 21-01-2022 INFO  ProductController - GET: /v1/products/1 has been called
19:06:58 21-01-2022 INFO  ProductController - GET: /v1/products/1 has been called
19:10:29 21-01-2022 INFO  ProductController - PUT: /v1/products/1 has been called
19:10:32 21-01-2022 ERROR OrderService - Order-Service is not available!
e420adb168cf executing GET http://order-service/v1/orders/products/1
19:10:47 21-01-2022 INFO  ProductController - GET: /v1/products/1 has been called
19:12:26 21-01-2022 INFO  ProductController - POST: /v1/products has been called
19:12:30 21-01-2022 INFO  ProductController - GET: /v1/products/1 has been called
19:12:34 21-01-2022 INFO  ProductController - GET: /v1/products/1 has been called
19:14:14 21-01-2022 INFO  ProductController - POST: /v1/products has been called
19:14:19 21-01-2022 INFO  ProductController - POST: /v1/products has been called
19:14:25 21-01-2022 INFO  ProductController - GET: /v1/products/1 has been called
19:20:31 21-01-2022 INFO  ProductController - POST: /v1/products has been called
19:20:33 21-01-2022 INFO  ProductController - POST: /v1/products/hateoas has been called
19:20:37 21-01-2022 INFO  ProductController - GET: /v1/products/1 has been called
19:20:40 21-01-2022 INFO  ProductController - GET: /v1/products has been called
19:20:45 21-01-2022 INFO  ProductController - PUT: /v1/products/hateoas/1/productpicture has been called
19:20:56 21-01-2022 INFO  ProductController - PUT: /v1/products/hateoas/1 has been called
19:20:59 21-01-2022 ERROR OrderService - Order-Service is not available!
e420adb168cf executing GET http://order-service/v1/orders/products/1
19:21:00 21-01-2022 INFO  ProductController - PUT: /v1/products/1 has been called
19:21:00 21-01-2022 ERROR OrderService - Order-Service is not available!
e420adb168cf executing GET http://order-service/v1/orders/products/1
19:21:08 21-01-2022 INFO  ProductController - GET: /v1/products/hateoas/1 has been called
19:21:11 21-01-2022 INFO  ProductController - POST: /v1/products/hateoas has been called
19:21:14 21-01-2022 INFO  ProductController - GET: /v1/products/hateoas has been called
19:21:21 21-01-2022 INFO  ProductController - PUT: /v1/products/hateoas/1 has been called
19:21:23 21-01-2022 ERROR OrderService - Order-Service is not available!
e420adb168cf executing GET http://order-service/v1/orders/products/1
19:21:35 21-01-2022 INFO  ProductController - PUT: /v1/products/hateoas/1/productpicture has been called
19:21:37 21-01-2022 ERROR OrderService - Order-Service is not available!
e420adb168cf executing GET http://order-service/v1/orders/products/1
19:22:04 21-01-2022 INFO  ProductController - PUT: /v1/products/1/productpicture has been called
19:22:06 21-01-2022 ERROR OrderService - Order-Service is not available!
e420adb168cf executing GET http://order-service/v1/orders/products/1
19:25:36 21-01-2022 INFO  ProductController - POST: /v1/products has been called
19:25:36 21-01-2022 INFO  ProductController - POST: /v1/products has been called
19:25:36 21-01-2022 INFO  ProductController - PUT: /v1/products/5053155245821805020 has been called
19:25:36 21-01-2022 INFO  ProductController - GET: /v1/products/1 has been called
19:25:36 21-01-2022 INFO  ProductController - PUT: /v1/products/1 has been called
19:25:36 21-01-2022 INFO  ProductController - DELETE: /v1/products/1 has been called
19:25:37 21-01-2022 INFO  ProductController - GET: /v1/products has been called
19:26:43 21-01-2022 INFO  ProductController - DELETE: /v1/products/1 has been called
19:26:43 21-01-2022 INFO  ProductController - GET: /v1/products has been called
19:28:55 21-01-2022 INFO  ProductController - POST: /v1/products/hateoas has been called
19:28:55 21-01-2022 INFO  ProductController - POST: /v1/products/hateoas has been called
19:28:55 21-01-2022 INFO  ProductController - PUT: /v1/products/hateoas/648864763946859423 has been called
19:28:55 21-01-2022 INFO  ProductController - GET: /v1/products/hateoas/1 has been called
19:28:55 21-01-2022 INFO  ProductController - PUT: /v1/products/hateoas/1 has been called
19:28:55 21-01-2022 INFO  ProductController - DELETE: /v1/products/1 has been called
19:28:55 21-01-2022 INFO  ProductController - GET: /v1/products/hateoas has been called
19:29:48 21-01-2022 INFO  ProductController - POST: /v1/products/hateoas has been called
19:29:48 21-01-2022 INFO  ProductController - POST: /v1/products/hateoas has been called
19:29:48 21-01-2022 INFO  ProductController - PUT: /v1/products/hateoas/5946384335678391108 has been called
19:29:48 21-01-2022 INFO  ProductController - GET: /v1/products/hateoas/1 has been called
19:29:48 21-01-2022 INFO  ProductController - PUT: /v1/products/hateoas/1 has been called
19:29:48 21-01-2022 INFO  ProductController - DELETE: /v1/products/1 has been called
19:29:48 21-01-2022 INFO  ProductController - GET: /v1/products/hateoas has been called
19:30:43 21-01-2022 INFO  ProductController - POST: /v1/products/hateoas has been called
19:30:43 21-01-2022 INFO  ProductController - POST: /v1/products/hateoas has been called
19:30:43 21-01-2022 INFO  ProductController - PUT: /v1/products/hateoas/86905989357057167 has been called
19:30:43 21-01-2022 INFO  ProductController - GET: /v1/products/hateoas/1 has been called
19:30:43 21-01-2022 INFO  ProductController - PUT: /v1/products/hateoas/1 has been called
19:30:43 21-01-2022 INFO  ProductController - DELETE: /v1/products/1 has been called
19:30:43 21-01-2022 INFO  ProductController - GET: /v1/products/hateoas has been called
19:37:47 21-01-2022 INFO  ProductController - GET: /v1/products/1 has been called
19:37:48 21-01-2022 INFO  ProductController - POST: /v1/products/hateoas has been called
19:37:48 21-01-2022 INFO  ProductController - POST: /v1/products has been called
19:37:48 21-01-2022 INFO  ProductController - POST: /v1/products/hateoas has been called
19:37:48 21-01-2022 INFO  ProductController - PUT: /v1/products/hateoas/2713369575057438338 has been called
19:37:48 21-01-2022 INFO  ProductController - GET: /v1/products/hateoas/1 has been called
19:37:48 21-01-2022 INFO  ProductController - GET: /v1/products/hateoas has been called
19:37:48 21-01-2022 INFO  ProductController - PUT: /v1/products/hateoas/1 has been called
19:37:48 21-01-2022 INFO  ProductController - DELETE: /v1/products/1 has been called
19:37:48 21-01-2022 INFO  ProductController - PUT: /v1/products/685890648572405588 has been called
19:37:48 21-01-2022 INFO  ProductController - GET: /v1/products/hateoas has been called
19:38:28 21-01-2022 INFO  ProductController - GET: /v1/products/1 has been called
19:38:28 21-01-2022 INFO  ProductController - POST: /v1/products/hateoas has been called
19:38:29 21-01-2022 INFO  ProductController - POST: /v1/products has been called
19:38:29 21-01-2022 INFO  ProductController - POST: /v1/products/hateoas has been called
19:38:29 21-01-2022 INFO  ProductController - PUT: /v1/products/hateoas/8727583172435363705 has been called
19:38:29 21-01-2022 INFO  ProductController - GET: /v1/products/hateoas/1 has been called
19:38:29 21-01-2022 INFO  ProductController - GET: /v1/products has been called
19:38:29 21-01-2022 INFO  ProductController - PUT: /v1/products/hateoas/1 has been called
19:38:29 21-01-2022 INFO  ProductController - DELETE: /v1/products/1 has been called
19:38:29 21-01-2022 INFO  ProductController - PUT: /v1/products/1813781310267152539 has been called
19:38:29 21-01-2022 INFO  ProductController - GET: /v1/products/hateoas has been called
19:39:11 21-01-2022 INFO  ProductController - GET: /v1/products/1 has been called
19:39:11 21-01-2022 INFO  ProductController - POST: /v1/products/hateoas has been called
19:39:11 21-01-2022 INFO  ProductController - POST: /v1/products has been called
19:39:11 21-01-2022 INFO  ProductController - POST: /v1/products/hateoas has been called
19:39:11 21-01-2022 INFO  ProductController - PUT: /v1/products/hateoas/479841230596282929 has been called
19:39:11 21-01-2022 INFO  ProductController - GET: /v1/products/hateoas/1 has been called
19:39:11 21-01-2022 INFO  ProductController - GET: /v1/products has been called
19:39:11 21-01-2022 INFO  ProductController - PUT: /v1/products/hateoas/1 has been called
19:39:11 21-01-2022 INFO  ProductController - DELETE: /v1/products/1 has been called
19:39:11 21-01-2022 INFO  ProductController - PUT: /v1/products/2988932574211581400 has been called
19:39:11 21-01-2022 INFO  ProductController - GET: /v1/products/hateoas has been called
19:42:27 21-01-2022 INFO  ProductController - GET: /v1/products/1 has been called
19:42:28 21-01-2022 INFO  ProductController - POST: /v1/products/hateoas has been called
19:42:29 21-01-2022 INFO  ProductController - POST: /v1/products has been called
19:42:29 21-01-2022 INFO  ProductController - POST: /v1/products has been called
19:42:29 21-01-2022 INFO  ProductController - POST: /v1/products/hateoas has been called
19:42:29 21-01-2022 INFO  ProductController - PUT: /v1/products/hateoas/6382350365462280829 has been called
19:42:29 21-01-2022 INFO  ProductController - GET: /v1/products/hateoas/1 has been called
19:42:29 21-01-2022 INFO  ProductController - GET: /v1/products has been called
19:42:29 21-01-2022 INFO  ProductController - PUT: /v1/products/hateoas/1 has been called
19:42:29 21-01-2022 INFO  ProductController - DELETE: /v1/products/1 has been called
19:42:29 21-01-2022 INFO  ProductController - PUT: /v1/products/3391892161698254294 has been called
19:42:29 21-01-2022 INFO  ProductController - GET: /v1/products/hateoas has been called
20:12:51 21-01-2022 INFO  ProductController - GET: /v1/products/1 has been called
20:12:51 21-01-2022 INFO  ProductController - POST: /v1/products/hateoas has been called
20:12:51 21-01-2022 INFO  ProductController - POST: /v1/products has been called
20:12:51 21-01-2022 INFO  ProductController - POST: /v1/products has been called
20:12:51 21-01-2022 INFO  ProductController - POST: /v1/products/hateoas has been called
20:12:51 21-01-2022 INFO  ProductController - PUT: /v1/products/hateoas/8769971375846036994 has been called
20:12:51 21-01-2022 INFO  ProductController - GET: /v1/products/hateoas/1 has been called
20:12:51 21-01-2022 INFO  ProductController - GET: /v1/products has been called
20:12:51 21-01-2022 INFO  ProductController - PUT: /v1/products/hateoas/1 has been called
20:12:51 21-01-2022 INFO  ProductController - DELETE: /v1/products/1 has been called
20:12:51 21-01-2022 INFO  ProductController - PUT: /v1/products/3020827527171630037 has been called
20:12:51 21-01-2022 INFO  ProductController - GET: /v1/products/hateoas has been called
09:21:30 22-01-2022 INFO  ProductController - GET: /v1/products/1 has been called
09:21:30 22-01-2022 INFO  ProductController - GET: /v1/products/hateoas/1 has been called
09:22:01 22-01-2022 INFO  ProductController - GET: /v1/products/1 has been called
09:22:02 22-01-2022 INFO  ProductController - GET: /v1/products/hateoas/1 has been called
09:45:48 22-01-2022 INFO  ProductController - GET: /v1/products/1 has been called
09:45:48 22-01-2022 INFO  ProductController - POST: /v1/products/hateoas has been called
09:45:48 22-01-2022 INFO  ProductController - POST: /v1/products has been called
09:45:48 22-01-2022 INFO  ProductController - POST: /v1/products has been called
09:45:48 22-01-2022 INFO  ProductController - POST: /v1/products/hateoas has been called
09:45:48 22-01-2022 INFO  ProductController - PUT: /v1/products/hateoas/519032001489112533 has been called
09:45:48 22-01-2022 INFO  ProductController - GET: /v1/products/hateoas/1 has been called
09:45:48 22-01-2022 INFO  ProductController - GET: /v1/products has been called
09:45:48 22-01-2022 INFO  ProductController - PUT: /v1/products/hateoas/1 has been called
09:45:48 22-01-2022 INFO  ProductController - DELETE: /v1/products/1 has been called
09:45:49 22-01-2022 INFO  ProductController - PUT: /v1/products/8500978433299096784 has been called
09:45:49 22-01-2022 INFO  ProductController - GET: /v1/products/hateoas has been called
09:48:14 22-01-2022 INFO  ProductController - GET: /v1/products/1 has been called
09:48:14 22-01-2022 INFO  ProductController - POST: /v1/products/hateoas has been called
09:48:14 22-01-2022 INFO  ProductController - POST: /v1/products has been called
09:48:14 22-01-2022 INFO  ProductController - POST: /v1/products has been called
09:48:14 22-01-2022 INFO  ProductController - POST: /v1/products/hateoas has been called
09:48:14 22-01-2022 INFO  ProductController - PUT: /v1/products/hateoas/997296506533817081 has been called
09:48:14 22-01-2022 INFO  ProductController - GET: /v1/products/hateoas/1 has been called
09:48:14 22-01-2022 INFO  ProductController - GET: /v1/products has been called
09:48:14 22-01-2022 INFO  ProductController - PUT: /v1/products/hateoas/1 has been called
09:48:14 22-01-2022 INFO  ProductController - DELETE: /v1/products/1 has been called
09:48:14 22-01-2022 INFO  ProductController - PUT: /v1/products/8102565218784029583 has been called
09:48:14 22-01-2022 INFO  ProductController - GET: /v1/products/hateoas has been called
09:50:10 22-01-2022 INFO  ProductController - GET: /v1/products/1 has been called
09:50:10 22-01-2022 INFO  ProductController - POST: /v1/products/hateoas has been called
09:50:10 22-01-2022 INFO  ProductController - POST: /v1/products has been called
09:50:10 22-01-2022 INFO  ProductController - POST: /v1/products has been called
09:50:10 22-01-2022 INFO  ProductController - POST: /v1/products/hateoas has been called
09:50:10 22-01-2022 INFO  ProductController - PUT: /v1/products/hateoas/453485304989756935 has been called
09:50:10 22-01-2022 INFO  ProductController - GET: /v1/products/hateoas/1 has been called
09:50:10 22-01-2022 INFO  ProductController - GET: /v1/products has been called
09:50:10 22-01-2022 INFO  ProductController - PUT: /v1/products/hateoas/1 has been called
09:50:11 22-01-2022 INFO  ProductController - DELETE: /v1/products/1 has been called
09:50:11 22-01-2022 INFO  ProductController - PUT: /v1/products/1551511009998704555 has been called
09:50:11 22-01-2022 INFO  ProductController - GET: /v1/products/hateoas has been called
09:52:43 22-01-2022 INFO  ProductController - GET: /v1/products/1 has been called
09:52:44 22-01-2022 INFO  ProductController - POST: /v1/products/hateoas has been called
09:52:44 22-01-2022 INFO  ProductController - POST: /v1/products has been called
09:52:44 22-01-2022 INFO  ProductController - POST: /v1/products has been called
09:52:44 22-01-2022 INFO  ProductController - POST: /v1/products/hateoas has been called
09:52:44 22-01-2022 INFO  ProductController - PUT: /v1/products/hateoas/2033205353651359820 has been called
09:52:44 22-01-2022 INFO  ProductController - GET: /v1/products/hateoas/1 has been called
09:52:44 22-01-2022 INFO  ProductController - GET: /v1/products has been called
09:52:44 22-01-2022 INFO  ProductController - PUT: /v1/products/hateoas/1 has been called
09:52:44 22-01-2022 INFO  ProductController - DELETE: /v1/products/1 has been called
09:52:44 22-01-2022 INFO  ProductController - PUT: /v1/products/4933854026159157138 has been called
09:52:44 22-01-2022 INFO  ProductController - GET: /v1/products/hateoas has been called
09:53:10 22-01-2022 INFO  ProductController - GET: /v1/products/1 has been called
09:53:11 22-01-2022 INFO  ProductController - POST: /v1/products/hateoas has been called
09:53:11 22-01-2022 INFO  ProductController - POST: /v1/products has been called
09:53:11 22-01-2022 INFO  ProductController - POST: /v1/products has been called
09:53:11 22-01-2022 INFO  ProductController - POST: /v1/products/hateoas has been called
09:53:11 22-01-2022 INFO  ProductController - PUT: /v1/products/hateoas/3654274892063724660 has been called
09:53:11 22-01-2022 INFO  ProductController - GET: /v1/products/hateoas/1 has been called
09:53:11 22-01-2022 INFO  ProductController - GET: /v1/products has been called
09:53:11 22-01-2022 INFO  ProductController - PUT: /v1/products/hateoas/1 has been called
09:53:11 22-01-2022 INFO  ProductController - DELETE: /v1/products/1 has been called
09:53:11 22-01-2022 INFO  ProductController - PUT: /v1/products/4511152559555095336 has been called
09:53:11 22-01-2022 INFO  ProductController - GET: /v1/products/hateoas has been called
09:54:52 22-01-2022 INFO  ProductController - GET: /v1/products/1 has been called
09:54:53 22-01-2022 INFO  ProductController - POST: /v1/products/hateoas has been called
09:54:53 22-01-2022 INFO  ProductController - POST: /v1/products has been called
09:54:53 22-01-2022 INFO  ProductController - POST: /v1/products has been called
09:54:53 22-01-2022 INFO  ProductController - POST: /v1/products/hateoas has been called
09:54:53 22-01-2022 INFO  ProductController - PUT: /v1/products/hateoas/2020627087926068539 has been called
09:54:53 22-01-2022 INFO  ProductController - GET: /v1/products/hateoas/1 has been called
09:54:53 22-01-2022 INFO  ProductController - GET: /v1/products has been called
09:54:53 22-01-2022 INFO  ProductController - PUT: /v1/products/hateoas/1 has been called
09:54:53 22-01-2022 INFO  ProductController - DELETE: /v1/products/1 has been called
09:54:53 22-01-2022 INFO  ProductController - PUT: /v1/products/3009778929926889508 has been called
09:54:53 22-01-2022 INFO  ProductController - GET: /v1/products/hateoas has been called
09:55:32 22-01-2022 INFO  ProductController - GET: /v1/products/1 has been called
09:55:33 22-01-2022 INFO  ProductController - POST: /v1/products/hateoas has been called
09:55:33 22-01-2022 INFO  ProductController - POST: /v1/products has been called
09:55:33 22-01-2022 INFO  ProductController - POST: /v1/products has been called
09:55:33 22-01-2022 INFO  ProductController - POST: /v1/products/hateoas has been called
09:55:33 22-01-2022 INFO  ProductController - PUT: /v1/products/hateoas/3286910620404898906 has been called
09:55:33 22-01-2022 INFO  ProductController - GET: /v1/products/hateoas/1 has been called
09:55:33 22-01-2022 INFO  ProductController - GET: /v1/products has been called
09:55:33 22-01-2022 INFO  ProductController - PUT: /v1/products/hateoas/1 has been called
09:55:33 22-01-2022 INFO  ProductController - DELETE: /v1/products/1 has been called
09:55:33 22-01-2022 INFO  ProductController - PUT: /v1/products/8250135951893756058 has been called
09:55:33 22-01-2022 INFO  ProductController - GET: /v1/products/hateoas has been called
09:56:54 22-01-2022 INFO  ProductController - GET: /v1/products/1 has been called
09:56:57 22-01-2022 INFO  ProductController - POST: /v1/products/hateoas has been called
09:56:57 22-01-2022 INFO  ProductController - POST: /v1/products has been called
09:56:57 22-01-2022 INFO  ProductController - POST: /v1/products has been called
09:56:57 22-01-2022 INFO  ProductController - POST: /v1/products/hateoas has been called
09:56:57 22-01-2022 INFO  ProductController - PUT: /v1/products/hateoas/8309533967127409398 has been called
09:56:57 22-01-2022 INFO  ProductController - GET: /v1/products/hateoas/1 has been called
09:56:57 22-01-2022 INFO  ProductController - GET: /v1/products has been called
09:56:58 22-01-2022 INFO  ProductController - PUT: /v1/products/hateoas/1 has been called
09:56:58 22-01-2022 INFO  ProductController - DELETE: /v1/products/1 has been called
09:56:58 22-01-2022 INFO  ProductController - PUT: /v1/products/1856539691882196617 has been called
09:56:58 22-01-2022 INFO  ProductController - GET: /v1/products/hateoas has been called
10:02:04 22-01-2022 INFO  ProductController - DELETE: /v1/products/8375417670117605826/quantity/1346699263 has been called
10:03:47 22-01-2022 INFO  ProductController - DELETE: /v1/products/6336616568660327670/quantity/1302138131 has been called
10:04:13 22-01-2022 INFO  ProductController - DELETE: /v1/products/304298619550165773/quantity/1873889459 has been called
10:05:22 22-01-2022 INFO  ProductController - DELETE: /v1/products/6861174358365948634/quantity/1229069925 has been called
10:08:30 22-01-2022 INFO  ProductController - DELETE: /v1/products/1139030473959152950/quantity/1 has been called
10:10:44 22-01-2022 INFO  ProductController - GET: /v1/products/1 has been called
10:10:44 22-01-2022 INFO  ProductController - POST: /v1/products/hateoas has been called
10:10:44 22-01-2022 INFO  ProductController - DELETE: /v1/products/535550317201051426/quantity/1 has been called
10:10:44 22-01-2022 INFO  ProductController - DELETE: /v1/products/6313905154922310037/quantity/-1 has been called
10:10:44 22-01-2022 INFO  ProductController - POST: /v1/products has been called
10:10:44 22-01-2022 INFO  ProductController - POST: /v1/products has been called
10:10:44 22-01-2022 INFO  ProductController - POST: /v1/products/hateoas has been called
10:10:44 22-01-2022 INFO  ProductController - PUT: /v1/products/hateoas/2781870234378322382 has been called
10:10:44 22-01-2022 INFO  ProductController - GET: /v1/products/hateoas/1 has been called
10:10:44 22-01-2022 INFO  ProductController - GET: /v1/products has been called
10:10:44 22-01-2022 INFO  ProductController - PUT: /v1/products/hateoas/1 has been called
10:10:44 22-01-2022 INFO  ProductController - DELETE: /v1/products/1 has been called
10:10:44 22-01-2022 INFO  ProductController - PUT: /v1/products/6868784568588616674 has been called
10:10:44 22-01-2022 INFO  ProductController - GET: /v1/products/hateoas has been called
10:13:01 22-01-2022 INFO  ProductController - POST: /v1/products has been called
10:13:06 22-01-2022 INFO  ProductController - DELETE: /v1/products/1/quantity/100 has been called
10:13:24 22-01-2022 INFO  ProductController - DELETE: /v1/products/1/quantity/100 has been called
10:13:24 22-01-2022 INFO  ProductController - DELETE: /v1/products/1/quantity/100 has been called
10:13:25 22-01-2022 INFO  ProductController - DELETE: /v1/products/1/quantity/100 has been called
10:13:28 22-01-2022 INFO  ProductController - GET: /v1/products/1 has been called
10:15:07 22-01-2022 INFO  ProductController - POST: /v1/products has been called
10:15:09 22-01-2022 INFO  ProductController - PUT: /v1/products/1/quantity/100 has been called
10:15:12 22-01-2022 ERROR OrderService - Order-Service is not available!
20a13aca4164 executing GET http://order-service/v1/orders/products/1
10:15:15 22-01-2022 INFO  ProductController - GET: /v1/products/1 has been called
10:15:18 22-01-2022 INFO  ProductController - PUT: /v1/products/1/quantity/100 has been called
10:15:18 22-01-2022 ERROR OrderService - Order-Service is not available!
20a13aca4164 executing GET http://order-service/v1/orders/products/1
10:15:20 22-01-2022 INFO  ProductController - PUT: /v1/products/1/quantity/100 has been called
10:15:20 22-01-2022 ERROR OrderService - Order-Service is not available!
20a13aca4164 executing GET http://order-service/v1/orders/products/1
10:15:25 22-01-2022 INFO  ProductController - GET: /v1/products/1 has been called
10:15:31 22-01-2022 INFO  ProductController - PUT: /v1/products/1/quantity/-200 has been called
10:15:34 22-01-2022 ERROR OrderService - Order-Service is not available!
20a13aca4164 executing GET http://order-service/v1/orders/products/1
10:15:37 22-01-2022 INFO  ProductController - GET: /v1/products/1 has been called
10:15:43 22-01-2022 INFO  ProductController - PUT: /v1/products/1/quantity/20 has been called
10:15:43 22-01-2022 ERROR OrderService - Order-Service is not available!
20a13aca4164 executing GET http://order-service/v1/orders/products/1
10:15:47 22-01-2022 INFO  ProductController - PUT: /v1/products/1/quantity/-1 has been called
10:15:50 22-01-2022 ERROR OrderService - Order-Service is not available!
20a13aca4164 executing GET http://order-service/v1/orders/products/1
10:19:16 22-01-2022 INFO  ProductController - GET: /v1/products/1 has been called
10:19:16 22-01-2022 INFO  ProductController - POST: /v1/products/hateoas has been called
10:19:16 22-01-2022 INFO  ProductController - PUT: /v1/products/2102568919521511257/quantity/1 has been called
10:19:16 22-01-2022 INFO  ProductController - PUT: /v1/products/5242826813605580927/quantity/-1 has been called
10:19:16 22-01-2022 INFO  ProductController - POST: /v1/products has been called
10:19:16 22-01-2022 INFO  ProductController - POST: /v1/products has been called
10:19:16 22-01-2022 INFO  ProductController - POST: /v1/products/hateoas has been called
10:19:16 22-01-2022 INFO  ProductController - PUT: /v1/products/hateoas/7206685621718511111 has been called
10:19:16 22-01-2022 INFO  ProductController - GET: /v1/products/hateoas/1 has been called
10:19:16 22-01-2022 INFO  ProductController - GET: /v1/products has been called
10:19:16 22-01-2022 INFO  ProductController - PUT: /v1/products/hateoas/1 has been called
10:19:16 22-01-2022 INFO  ProductController - DELETE: /v1/products/1 has been called
10:19:17 22-01-2022 INFO  ProductController - PUT: /v1/products/2219357548238908678 has been called
10:19:17 22-01-2022 INFO  ProductController - GET: /v1/products/hateoas has been called
10:19:45 22-01-2022 INFO  ProductController - GET: /v1/products/1 has been called
10:19:45 22-01-2022 INFO  ProductController - POST: /v1/products/hateoas has been called
10:19:45 22-01-2022 INFO  ProductController - PUT: /v1/products/2411902910718984793/quantity/1 has been called
10:19:46 22-01-2022 INFO  ProductController - PUT: /v1/products/1471254918273467165/quantity/-1 has been called
10:19:46 22-01-2022 INFO  ProductController - POST: /v1/products has been called
10:19:46 22-01-2022 INFO  ProductController - POST: /v1/products has been called
10:19:46 22-01-2022 INFO  ProductController - POST: /v1/products/hateoas has been called
10:19:46 22-01-2022 INFO  ProductController - PUT: /v1/products/hateoas/1322362980218971965 has been called
10:19:46 22-01-2022 INFO  ProductController - GET: /v1/products/hateoas/1 has been called
10:19:46 22-01-2022 INFO  ProductController - GET: /v1/products has been called
10:19:46 22-01-2022 INFO  ProductController - PUT: /v1/products/hateoas/1 has been called
10:19:46 22-01-2022 INFO  ProductController - DELETE: /v1/products/1 has been called
10:19:46 22-01-2022 INFO  ProductController - PUT: /v1/products/629143880847900107 has been called
10:19:46 22-01-2022 INFO  ProductController - GET: /v1/products/hateoas has been called
10:22:38 22-01-2022 INFO  ProductController - GET: /v1/products/1 has been called
10:22:38 22-01-2022 INFO  ProductController - POST: /v1/products/hateoas has been called
10:22:38 22-01-2022 INFO  ProductController - PUT: /v1/products/3416127529992811913/quantity/1 has been called
10:22:38 22-01-2022 INFO  ProductController - PUT: /v1/products/534211907000990006/quantity/-1 has been called
10:22:38 22-01-2022 INFO  ProductController - POST: /v1/products has been called
10:22:38 22-01-2022 INFO  ProductController - POST: /v1/products has been called
10:22:38 22-01-2022 INFO  ProductController - POST: /v1/products/hateoas has been called
10:22:38 22-01-2022 INFO  ProductController - PUT: /v1/products/hateoas/4438099123474903064 has been called
10:22:38 22-01-2022 INFO  ProductController - GET: /v1/products/hateoas/1 has been called
10:22:38 22-01-2022 INFO  ProductController - GET: /v1/products has been called
10:22:38 22-01-2022 INFO  ProductController - PUT: /v1/products/hateoas/1 has been called
10:22:39 22-01-2022 INFO  ProductController - DELETE: /v1/products/1 has been called
10:22:39 22-01-2022 INFO  ProductController - PUT: /v1/products/441137477251949290 has been called
10:22:39 22-01-2022 INFO  ProductController - GET: /v1/products/hateoas has been called
10:27:06 22-01-2022 INFO  ProductController - GET: /v1/products/1 has been called
10:27:07 22-01-2022 INFO  ProductController - POST: /v1/products/hateoas has been called
10:27:07 22-01-2022 INFO  ProductController - PUT: /v1/products/182679655196674516/quantity/1 has been called
10:27:07 22-01-2022 INFO  ProductController - PUT: /v1/products/1932973299562955555/quantity/-1 has been called
10:27:07 22-01-2022 INFO  ProductController - POST: /v1/products has been called
10:27:07 22-01-2022 INFO  ProductController - POST: /v1/products has been called
10:27:07 22-01-2022 INFO  ProductController - POST: /v1/products/hateoas has been called
10:27:07 22-01-2022 INFO  ProductController - PUT: /v1/products/hateoas/697139813245402817 has been called
10:27:07 22-01-2022 INFO  ProductController - GET: /v1/products/hateoas/1 has been called
10:27:07 22-01-2022 INFO  ProductController - GET: /v1/products has been called
10:27:07 22-01-2022 INFO  ProductController - PUT: /v1/products/hateoas/1 has been called
10:27:07 22-01-2022 INFO  ProductController - DELETE: /v1/products/1 has been called
10:27:07 22-01-2022 INFO  ProductController - PUT: /v1/products/1766691082664934216 has been called
10:27:07 22-01-2022 INFO  ProductController - GET: /v1/products/hateoas has been called
10:34:14 22-01-2022 INFO  ProductController - GET: /v1/products/1 has been called
10:34:14 22-01-2022 INFO  ProductController - POST: /v1/products/hateoas has been called
10:34:14 22-01-2022 INFO  ProductController - PUT: /v1/products/7442886000737889373/quantity/1 has been called
10:34:14 22-01-2022 INFO  ProductController - PUT: /v1/products/3731078449899853616/quantity/-1 has been called
10:34:14 22-01-2022 INFO  ProductController - POST: /v1/products has been called
10:34:14 22-01-2022 INFO  ProductController - POST: /v1/products has been called
10:34:14 22-01-2022 INFO  ProductController - POST: /v1/products/hateoas has been called
10:34:15 22-01-2022 INFO  ProductController - PUT: /v1/products/hateoas/5576630932612272230 has been called
10:34:15 22-01-2022 INFO  ProductController - GET: /v1/products/hateoas/1 has been called
10:34:15 22-01-2022 INFO  ProductController - GET: /v1/products has been called
10:34:15 22-01-2022 INFO  ProductController - PUT: /v1/products/hateoas/1 has been called
10:34:15 22-01-2022 INFO  ProductController - DELETE: /v1/products/1 has been called
10:34:15 22-01-2022 INFO  ProductController - PUT: /v1/products/5240817852909523816 has been called
10:34:15 22-01-2022 INFO  ProductController - GET: /v1/products/hateoas has been called
10:43:31 22-01-2022 INFO  ProductController - GET: /v1/products/1 has been called
10:43:31 22-01-2022 INFO  ProductController - POST: /v1/products/hateoas has been called
10:43:31 22-01-2022 INFO  ProductController - PUT: /v1/products/482448081421806873/quantity/1 has been called
10:43:31 22-01-2022 INFO  ProductController - PUT: /v1/products/6804086557618246467/quantity/-1 has been called
10:43:31 22-01-2022 INFO  ProductController - POST: /v1/products has been called
10:43:31 22-01-2022 INFO  ProductController - POST: /v1/products has been called
10:43:31 22-01-2022 INFO  ProductController - POST: /v1/products/hateoas has been called
10:43:31 22-01-2022 INFO  ProductController - PUT: /v1/products/hateoas/6485715976911544232 has been called
10:43:31 22-01-2022 INFO  ProductController - GET: /v1/products/hateoas/1 has been called
10:43:31 22-01-2022 INFO  ProductController - GET: /v1/products has been called
10:43:31 22-01-2022 INFO  ProductController - PUT: /v1/products/hateoas/1 has been called
10:43:31 22-01-2022 INFO  ProductController - DELETE: /v1/products/1 has been called
10:43:31 22-01-2022 INFO  ProductController - PUT: /v1/products/4612545814207709232 has been called
10:43:31 22-01-2022 INFO  ProductController - GET: /v1/products/hateoas has been called
